{"/home/shani/personalProjects/interviewAI/frontend/src/components/CodeEditor.tsx": {"path":"/home/shani/personalProjects/interviewAI/frontend/src/components/CodeEditor.tsx","statementMap":{"0":{"start":{"line":22,"column":8},"end":{"line":22,"column":null}},"1":{"start":{"line":24,"column":28},"end":{"line":38,"column":null}},"2":{"start":{"line":25,"column":4},"end":{"line":25,"column":null}},"3":{"start":{"line":28,"column":4},"end":{"line":37,"column":null}},"4":{"start":{"line":40,"column":23},"end":{"line":44,"column":null}},"5":{"start":{"line":41,"column":4},"end":{"line":43,"column":null}},"6":{"start":{"line":42,"column":6},"end":{"line":42,"column":null}},"7":{"start":{"line":47,"column":28},"end":{"line":55,"column":null}},"8":{"start":{"line":48,"column":48},"end":{"line":53,"column":null}},"9":{"start":{"line":54,"column":4},"end":{"line":54,"column":null}},"10":{"start":{"line":57,"column":2},"end":{"line":84,"column":null}}},"fnMap":{"0":{"name":"CodeEditor","decl":{"start":{"line":14,"column":16},"end":{"line":14,"column":27}},"loc":{"start":{"line":21,"column":20},"end":{"line":86,"column":null}},"line":21},"1":{"name":"(anonymous_1)","decl":{"start":{"line":24,"column":28},"end":{"line":24,"column":29}},"loc":{"start":{"line":24,"column":77},"end":{"line":38,"column":null}},"line":24},"2":{"name":"(anonymous_2)","decl":{"start":{"line":40,"column":23},"end":{"line":40,"column":24}},"loc":{"start":{"line":40,"column":57},"end":{"line":44,"column":null}},"line":40},"3":{"name":"(anonymous_3)","decl":{"start":{"line":47,"column":28},"end":{"line":47,"column":29}},"loc":{"start":{"line":47,"column":54},"end":{"line":55,"column":null}},"line":47}},"branchMap":{"0":{"loc":{"start":{"line":17,"column":2},"end":{"line":17,"column":null}},"type":"default-arg","locations":[{"start":{"line":17,"column":13},"end":{"line":17,"column":null}}],"line":17},"1":{"loc":{"start":{"line":18,"column":2},"end":{"line":18,"column":null}},"type":"default-arg","locations":[{"start":{"line":18,"column":13},"end":{"line":18,"column":null}}],"line":18},"2":{"loc":{"start":{"line":19,"column":2},"end":{"line":19,"column":null}},"type":"default-arg","locations":[{"start":{"line":19,"column":11},"end":{"line":19,"column":null}}],"line":19},"3":{"loc":{"start":{"line":20,"column":2},"end":{"line":20,"column":null}},"type":"default-arg","locations":[{"start":{"line":20,"column":10},"end":{"line":20,"column":null}}],"line":20},"4":{"loc":{"start":{"line":41,"column":4},"end":{"line":43,"column":null}},"type":"if","locations":[{"start":{"line":41,"column":4},"end":{"line":43,"column":null}},{"start":{},"end":{}}],"line":41},"5":{"loc":{"start":{"line":41,"column":8},"end":{"line":41,"column":45}},"type":"binary-expr","locations":[{"start":{"line":41,"column":8},"end":{"line":41,"column":34}},{"start":{"line":41,"column":34},"end":{"line":41,"column":45}}],"line":41},"6":{"loc":{"start":{"line":54,"column":11},"end":{"line":54,"column":null}},"type":"binary-expr","locations":[{"start":{"line":54,"column":11},"end":{"line":54,"column":32}},{"start":{"line":54,"column":32},"end":{"line":54,"column":null}}],"line":54},"7":{"loc":{"start":{"line":65,"column":13},"end":{"line":65,"column":null}},"type":"cond-expr","locations":[{"start":{"line":65,"column":32},"end":{"line":65,"column":44}},{"start":{"line":65,"column":44},"end":{"line":65,"column":null}}],"line":65}},"s":{"0":0,"1":0,"2":0,"3":0,"4":0,"5":0,"6":0,"7":0,"8":0,"9":0,"10":0},"f":{"0":0,"1":0,"2":0,"3":0},"b":{"0":[0],"1":[0],"2":[0],"3":[0],"4":[0,0],"5":[0,0],"6":[0,0],"7":[0,0]},"meta":{"lastBranch":8,"lastFunction":4,"lastStatement":11,"seen":{"f:14:16:14:27":0,"b:17:13:17:Infinity":0,"b:18:13:18:Infinity":1,"b:19:11:19:Infinity":2,"b:20:10:20:Infinity":3,"s:22:8:22:Infinity":0,"s:24:28:38:Infinity":1,"f:24:28:24:29":1,"s:25:4:25:Infinity":2,"s:28:4:37:Infinity":3,"s:40:23:44:Infinity":4,"f:40:23:40:24":2,"b:41:4:43:Infinity:undefined:undefined:undefined:undefined":4,"s:41:4:43:Infinity":5,"b:41:8:41:34:41:34:41:45":5,"s:42:6:42:Infinity":6,"s:47:28:55:Infinity":7,"f:47:28:47:29":3,"s:48:48:53:Infinity":8,"s:54:4:54:Infinity":9,"b:54:11:54:32:54:32:54:Infinity":6,"s:57:2:84:Infinity":10,"b:65:32:65:44:65:44:65:Infinity":7}}}
,"/home/shani/personalProjects/interviewAI/frontend/src/components/InterviewList.tsx": {"path":"/home/shani/personalProjects/interviewAI/frontend/src/components/InterviewList.tsx","statementMap":{"0":{"start":{"line":12,"column":8},"end":{"line":12,"column":null}},"1":{"start":{"line":13,"column":38},"end":{"line":13,"column":null}},"2":{"start":{"line":21,"column":2},"end":{"line":21,"column":null}},"3":{"start":{"line":24,"column":2},"end":{"line":42,"column":null}},"4":{"start":{"line":25,"column":28},"end":{"line":39,"column":null}},"5":{"start":{"line":26,"column":6},"end":{"line":26,"column":null}},"6":{"start":{"line":27,"column":6},"end":{"line":38,"column":null}},"7":{"start":{"line":28,"column":21},"end":{"line":32,"column":null}},"8":{"start":{"line":33,"column":8},"end":{"line":33,"column":null}},"9":{"start":{"line":36,"column":10},"end":{"line":36,"column":null}},"10":{"start":{"line":37,"column":8},"end":{"line":37,"column":null}},"11":{"start":{"line":41,"column":4},"end":{"line":41,"column":null}},"12":{"start":{"line":44,"column":30},"end":{"line":46,"column":null}},"13":{"start":{"line":45,"column":4},"end":{"line":45,"column":null}},"14":{"start":{"line":48,"column":21},"end":{"line":59,"column":null}},"15":{"start":{"line":49,"column":4},"end":{"line":49,"column":null}},"16":{"start":{"line":49,"column":21},"end":{"line":49,"column":null}},"17":{"start":{"line":50,"column":4},"end":{"line":58,"column":null}},"18":{"start":{"line":51,"column":6},"end":{"line":55,"column":null}},"19":{"start":{"line":57,"column":6},"end":{"line":57,"column":null}},"20":{"start":{"line":61,"column":25},"end":{"line":72,"column":null}},"21":{"start":{"line":62,"column":4},"end":{"line":71,"column":null}},"22":{"start":{"line":64,"column":8},"end":{"line":64,"column":null}},"23":{"start":{"line":66,"column":8},"end":{"line":66,"column":null}},"24":{"start":{"line":68,"column":8},"end":{"line":68,"column":null}},"25":{"start":{"line":70,"column":8},"end":{"line":70,"column":null}},"26":{"start":{"line":74,"column":25},"end":{"line":81,"column":null}},"27":{"start":{"line":75,"column":4},"end":{"line":80,"column":null}},"28":{"start":{"line":77,"column":8},"end":{"line":77,"column":null}},"29":{"start":{"line":79,"column":8},"end":{"line":79,"column":null}},"30":{"start":{"line":83,"column":2},"end":{"line":91,"column":null}},"31":{"start":{"line":84,"column":4},"end":{"line":89,"column":null}},"32":{"start":{"line":93,"column":2},"end":{"line":102,"column":null}},"33":{"start":{"line":94,"column":4},"end":{"line":100,"column":null}},"34":{"start":{"line":104,"column":2},"end":{"line":198,"column":null}},"35":{"start":{"line":113,"column":27},"end":{"line":113,"column":null}},"36":{"start":{"line":161,"column":16},"end":{"line":192,"column":null}},"37":{"start":{"line":164,"column":33},"end":{"line":164,"column":null}},"38":{"start":{"line":184,"column":24},"end":{"line":184,"column":null}},"39":{"start":{"line":185,"column":24},"end":{"line":185,"column":null}}},"fnMap":{"0":{"name":"InterviewList","decl":{"start":{"line":11,"column":24},"end":{"line":11,"column":40}},"loc":{"start":{"line":11,"column":40},"end":{"line":200,"column":null}},"line":11},"1":{"name":"(anonymous_1)","decl":{"start":{"line":24,"column":12},"end":{"line":24,"column":18}},"loc":{"start":{"line":24,"column":18},"end":{"line":42,"column":5}},"line":24},"2":{"name":"(anonymous_2)","decl":{"start":{"line":25,"column":28},"end":{"line":25,"column":40}},"loc":{"start":{"line":25,"column":40},"end":{"line":39,"column":null}},"line":25},"3":{"name":"(anonymous_3)","decl":{"start":{"line":44,"column":30},"end":{"line":44,"column":31}},"loc":{"start":{"line":44,"column":55},"end":{"line":46,"column":null}},"line":44},"4":{"name":"(anonymous_4)","decl":{"start":{"line":48,"column":21},"end":{"line":48,"column":22}},"loc":{"start":{"line":48,"column":57},"end":{"line":59,"column":null}},"line":48},"5":{"name":"(anonymous_5)","decl":{"start":{"line":61,"column":25},"end":{"line":61,"column":26}},"loc":{"start":{"line":61,"column":45},"end":{"line":72,"column":null}},"line":61},"6":{"name":"(anonymous_6)","decl":{"start":{"line":74,"column":25},"end":{"line":74,"column":26}},"loc":{"start":{"line":74,"column":45},"end":{"line":81,"column":null}},"line":74},"7":{"name":"(anonymous_7)","decl":{"start":{"line":113,"column":20},"end":{"line":113,"column":21}},"loc":{"start":{"line":113,"column":27},"end":{"line":113,"column":null}},"line":113},"8":{"name":"(anonymous_8)","decl":{"start":{"line":160,"column":30},"end":{"line":160,"column":31}},"loc":{"start":{"line":161,"column":16},"end":{"line":192,"column":null}},"line":161},"9":{"name":"(anonymous_9)","decl":{"start":{"line":164,"column":27},"end":{"line":164,"column":33}},"loc":{"start":{"line":164,"column":33},"end":{"line":164,"column":null}},"line":164},"10":{"name":"(anonymous_10)","decl":{"start":{"line":183,"column":31},"end":{"line":183,"column":32}},"loc":{"start":{"line":183,"column":38},"end":{"line":186,"column":null}},"line":183}},"branchMap":{"0":{"loc":{"start":{"line":29,"column":10},"end":{"line":29,"column":null}},"type":"cond-expr","locations":[{"start":{"line":29,"column":35},"end":{"line":29,"column":47}},{"start":{"line":29,"column":47},"end":{"line":29,"column":null}}],"line":29},"1":{"loc":{"start":{"line":33,"column":22},"end":{"line":33,"column":72}},"type":"cond-expr","locations":[{"start":{"line":33,"column":44},"end":{"line":33,"column":51}},{"start":{"line":33,"column":51},"end":{"line":33,"column":72}}],"line":33},"2":{"loc":{"start":{"line":33,"column":51},"end":{"line":33,"column":72}},"type":"binary-expr","locations":[{"start":{"line":33,"column":51},"end":{"line":33,"column":70}},{"start":{"line":33,"column":70},"end":{"line":33,"column":72}}],"line":33},"3":{"loc":{"start":{"line":36,"column":10},"end":{"line":36,"column":null}},"type":"cond-expr","locations":[{"start":{"line":36,"column":35},"end":{"line":36,"column":51}},{"start":{"line":36,"column":51},"end":{"line":36,"column":null}}],"line":36},"4":{"loc":{"start":{"line":49,"column":4},"end":{"line":49,"column":null}},"type":"if","locations":[{"start":{"line":49,"column":4},"end":{"line":49,"column":null}},{"start":{},"end":{}}],"line":49},"5":{"loc":{"start":{"line":62,"column":4},"end":{"line":71,"column":null}},"type":"switch","locations":[{"start":{"line":63,"column":6},"end":{"line":64,"column":null}},{"start":{"line":65,"column":6},"end":{"line":66,"column":null}},{"start":{"line":67,"column":6},"end":{"line":68,"column":null}},{"start":{"line":69,"column":6},"end":{"line":70,"column":null}}],"line":62},"6":{"loc":{"start":{"line":75,"column":4},"end":{"line":80,"column":null}},"type":"switch","locations":[{"start":{"line":76,"column":6},"end":{"line":77,"column":null}},{"start":{"line":78,"column":6},"end":{"line":79,"column":null}}],"line":75},"7":{"loc":{"start":{"line":83,"column":2},"end":{"line":91,"column":null}},"type":"if","locations":[{"start":{"line":83,"column":2},"end":{"line":91,"column":null}},{"start":{},"end":{}}],"line":83},"8":{"loc":{"start":{"line":93,"column":2},"end":{"line":102,"column":null}},"type":"if","locations":[{"start":{"line":93,"column":2},"end":{"line":102,"column":null}},{"start":{},"end":{}}],"line":93},"9":{"loc":{"start":{"line":124,"column":7},"end":{"line":196,"column":null}},"type":"cond-expr","locations":[{"start":{"line":125,"column":8},"end":{"line":133,"column":null}},{"start":{"line":135,"column":8},"end":{"line":196,"column":null}}],"line":124},"10":{"loc":{"start":{"line":129,"column":13},"end":{"line":131,"column":null}},"type":"cond-expr","locations":[{"start":{"line":130,"column":16},"end":{"line":130,"column":null}},{"start":{"line":131,"column":16},"end":{"line":131,"column":null}}],"line":129}},"s":{"0":32,"1":32,"2":32,"3":32,"4":11,"5":11,"6":11,"7":11,"8":10,"9":0,"10":0,"11":11,"12":32,"13":2,"14":32,"15":30,"16":0,"17":30,"18":30,"19":0,"20":32,"21":30,"22":10,"23":10,"24":10,"25":0,"26":32,"27":30,"28":10,"29":20,"30":32,"31":11,"32":21,"33":0,"34":21,"35":2,"36":30,"37":1,"38":1,"39":1},"f":{"0":32,"1":11,"2":11,"3":2,"4":30,"5":30,"6":30,"7":2,"8":30,"9":1,"10":1},"b":{"0":[9,2],"1":[10,0],"2":[0,0],"3":[0,0],"4":[0,30],"5":[10,10,10,0],"6":[10,20],"7":[11,21],"8":[0,21],"9":[11,10],"10":[10,1]},"meta":{"lastBranch":11,"lastFunction":11,"lastStatement":40,"seen":{"f:11:24:11:40":0,"s:12:8:12:Infinity":0,"s:13:38:13:Infinity":1,"s:21:2:21:Infinity":2,"s:24:2:42:Infinity":3,"f:24:12:24:18":1,"s:25:28:39:Infinity":4,"f:25:28:25:40":2,"s:26:6:26:Infinity":5,"s:27:6:38:Infinity":6,"s:28:21:32:Infinity":7,"b:29:35:29:47:29:47:29:Infinity":0,"s:33:8:33:Infinity":8,"b:33:44:33:51:33:51:33:72":1,"b:33:51:33:70:33:70:33:72":2,"s:36:10:36:Infinity":9,"b:36:35:36:51:36:51:36:Infinity":3,"s:37:8:37:Infinity":10,"s:41:4:41:Infinity":11,"s:44:30:46:Infinity":12,"f:44:30:44:31":3,"s:45:4:45:Infinity":13,"s:48:21:59:Infinity":14,"f:48:21:48:22":4,"b:49:4:49:Infinity:undefined:undefined:undefined:undefined":4,"s:49:4:49:Infinity":15,"s:49:21:49:Infinity":16,"s:50:4:58:Infinity":17,"s:51:6:55:Infinity":18,"s:57:6:57:Infinity":19,"s:61:25:72:Infinity":20,"f:61:25:61:26":5,"b:63:6:64:Infinity:65:6:66:Infinity:67:6:68:Infinity:69:6:70:Infinity":5,"s:62:4:71:Infinity":21,"s:64:8:64:Infinity":22,"s:66:8:66:Infinity":23,"s:68:8:68:Infinity":24,"s:70:8:70:Infinity":25,"s:74:25:81:Infinity":26,"f:74:25:74:26":6,"b:76:6:77:Infinity:78:6:79:Infinity":6,"s:75:4:80:Infinity":27,"s:77:8:77:Infinity":28,"s:79:8:79:Infinity":29,"b:83:2:91:Infinity:undefined:undefined:undefined:undefined":7,"s:83:2:91:Infinity":30,"s:84:4:89:Infinity":31,"b:93:2:102:Infinity:undefined:undefined:undefined:undefined":8,"s:93:2:102:Infinity":32,"s:94:4:100:Infinity":33,"s:104:2:198:Infinity":34,"f:113:20:113:21":7,"s:113:27:113:Infinity":35,"b:125:8:133:Infinity:135:8:196:Infinity":9,"b:130:16:130:Infinity:131:16:131:Infinity":10,"f:160:30:160:31":8,"s:161:16:192:Infinity":36,"f:164:27:164:33":9,"s:164:33:164:Infinity":37,"f:183:31:183:32":10,"s:184:24:184:Infinity":38,"s:185:24:185:Infinity":39}}}
,"/home/shani/personalProjects/interviewAI/frontend/src/components/InterviewListComponent.tsx": {"path":"/home/shani/personalProjects/interviewAI/frontend/src/components/InterviewListComponent.tsx","statementMap":{"0":{"start":{"line":49,"column":25},"end":{"line":73,"column":null}},"1":{"start":{"line":50,"column":4},"end":{"line":72,"column":null}},"2":{"start":{"line":52,"column":8},"end":{"line":56,"column":null}},"3":{"start":{"line":59,"column":8},"end":{"line":63,"column":null}},"4":{"start":{"line":66,"column":8},"end":{"line":70,"column":null}},"5":{"start":{"line":75,"column":21},"end":{"line":85,"column":null}},"6":{"start":{"line":76,"column":4},"end":{"line":84,"column":null}},"7":{"start":{"line":77,"column":6},"end":{"line":81,"column":null}},"8":{"start":{"line":83,"column":6},"end":{"line":83,"column":null}},"9":{"start":{"line":87,"column":8},"end":{"line":94,"column":null}},"10":{"start":{"line":88,"column":11},"end":{"line":92,"column":null}},"11":{"start":{"line":90,"column":8},"end":{"line":90,"column":null}},"12":{"start":{"line":96,"column":2},"end":{"line":102,"column":null}},"13":{"start":{"line":97,"column":4},"end":{"line":100,"column":null}},"14":{"start":{"line":104,"column":2},"end":{"line":114,"column":null}},"15":{"start":{"line":105,"column":4},"end":{"line":112,"column":null}},"16":{"start":{"line":116,"column":2},"end":{"line":195,"column":null}},"17":{"start":{"line":119,"column":8},"end":{"line":193,"column":null}},"18":{"start":{"line":143,"column":29},"end":{"line":143,"column":null}},"19":{"start":{"line":165,"column":67},"end":{"line":165,"column":null}},"20":{"start":{"line":178,"column":82},"end":{"line":178,"column":null}},"21":{"start":{"line":184,"column":82},"end":{"line":184,"column":null}}},"fnMap":{"0":{"name":"InterviewListComponent","decl":{"start":{"line":40,"column":16},"end":{"line":40,"column":39}},"loc":{"start":{"line":48,"column":32},"end":{"line":197,"column":null}},"line":48},"1":{"name":"(anonymous_1)","decl":{"start":{"line":49,"column":25},"end":{"line":49,"column":26}},"loc":{"start":{"line":49,"column":67},"end":{"line":73,"column":null}},"line":49},"2":{"name":"(anonymous_2)","decl":{"start":{"line":75,"column":21},"end":{"line":75,"column":22}},"loc":{"start":{"line":75,"column":45},"end":{"line":85,"column":null}},"line":75},"3":{"name":"(anonymous_3)","decl":{"start":{"line":88,"column":4},"end":{"line":88,"column":11}},"loc":{"start":{"line":88,"column":11},"end":{"line":92,"column":null}},"line":88},"4":{"name":"(anonymous_4)","decl":{"start":{"line":89,"column":16},"end":{"line":89,"column":17}},"loc":{"start":{"line":89,"column":35},"end":{"line":91,"column":null}},"line":89},"5":{"name":"(anonymous_5)","decl":{"start":{"line":118,"column":22},"end":{"line":118,"column":23}},"loc":{"start":{"line":119,"column":8},"end":{"line":193,"column":null}},"line":119},"6":{"name":"(anonymous_6)","decl":{"start":{"line":143,"column":29},"end":{"line":143,"column":36}},"loc":{"start":{"line":143,"column":29},"end":{"line":143,"column":null}},"line":143},"7":{"name":"(anonymous_7)","decl":{"start":{"line":165,"column":61},"end":{"line":165,"column":67}},"loc":{"start":{"line":165,"column":67},"end":{"line":165,"column":null}},"line":165},"8":{"name":"(anonymous_8)","decl":{"start":{"line":178,"column":76},"end":{"line":178,"column":82}},"loc":{"start":{"line":178,"column":82},"end":{"line":178,"column":null}},"line":178},"9":{"name":"(anonymous_9)","decl":{"start":{"line":184,"column":76},"end":{"line":184,"column":82}},"loc":{"start":{"line":184,"column":82},"end":{"line":184,"column":null}},"line":184}},"branchMap":{"0":{"loc":{"start":{"line":46,"column":2},"end":{"line":46,"column":null}},"type":"default-arg","locations":[{"start":{"line":46,"column":14},"end":{"line":46,"column":null}}],"line":46},"1":{"loc":{"start":{"line":47,"column":2},"end":{"line":47,"column":null}},"type":"default-arg","locations":[{"start":{"line":47,"column":17},"end":{"line":47,"column":null}}],"line":47},"2":{"loc":{"start":{"line":50,"column":4},"end":{"line":72,"column":null}},"type":"switch","locations":[{"start":{"line":51,"column":6},"end":{"line":56,"column":null}},{"start":{"line":58,"column":6},"end":{"line":63,"column":null}},{"start":{"line":65,"column":6},"end":{"line":70,"column":null}}],"line":50},"3":{"loc":{"start":{"line":96,"column":2},"end":{"line":102,"column":null}},"type":"if","locations":[{"start":{"line":96,"column":2},"end":{"line":102,"column":null}},{"start":{},"end":{}}],"line":96},"4":{"loc":{"start":{"line":104,"column":2},"end":{"line":114,"column":null}},"type":"if","locations":[{"start":{"line":104,"column":2},"end":{"line":114,"column":null}},{"start":{},"end":{}}],"line":104},"5":{"loc":{"start":{"line":126,"column":64},"end":{"line":126,"column":111}},"type":"binary-expr","locations":[{"start":{"line":126,"column":64},"end":{"line":126,"column":91}},{"start":{"line":126,"column":91},"end":{"line":126,"column":111}}],"line":126},"6":{"loc":{"start":{"line":138,"column":15},"end":{"line":154,"column":null}},"type":"binary-expr","locations":[{"start":{"line":138,"column":15},"end":{"line":138,"column":null}},{"start":{"line":139,"column":16},"end":{"line":154,"column":null}}],"line":138},"7":{"loc":{"start":{"line":143,"column":36},"end":{"line":143,"column":76}},"type":"binary-expr","locations":[{"start":{"line":143,"column":36},"end":{"line":143,"column":50}},{"start":{"line":143,"column":50},"end":{"line":143,"column":76}}],"line":143},"8":{"loc":{"start":{"line":156,"column":15},"end":{"line":162,"column":null}},"type":"binary-expr","locations":[{"start":{"line":156,"column":15},"end":{"line":156,"column":null}},{"start":{"line":157,"column":16},"end":{"line":162,"column":null}}],"line":156},"9":{"loc":{"start":{"line":164,"column":15},"end":{"line":168,"column":null}},"type":"binary-expr","locations":[{"start":{"line":164,"column":15},"end":{"line":164,"column":null}},{"start":{"line":165,"column":16},"end":{"line":168,"column":null}}],"line":164},"10":{"loc":{"start":{"line":177,"column":19},"end":{"line":181,"column":null}},"type":"binary-expr","locations":[{"start":{"line":177,"column":19},"end":{"line":177,"column":null}},{"start":{"line":178,"column":20},"end":{"line":181,"column":null}}],"line":177},"11":{"loc":{"start":{"line":183,"column":19},"end":{"line":187,"column":null}},"type":"binary-expr","locations":[{"start":{"line":183,"column":19},"end":{"line":183,"column":null}},{"start":{"line":184,"column":20},"end":{"line":187,"column":null}}],"line":183}},"s":{"0":5,"1":20,"2":5,"3":5,"4":10,"5":5,"6":20,"7":20,"8":0,"9":5,"10":5,"11":0,"12":5,"13":0,"14":5,"15":0,"16":5,"17":20,"18":0,"19":0,"20":0,"21":0},"f":{"0":5,"1":20,"2":20,"3":5,"4":0,"5":20,"6":0,"7":0,"8":0,"9":0},"b":{"0":[5],"1":[5],"2":[5,5,10],"3":[0,5],"4":[0,5],"5":[20,0],"6":[20,5],"7":[0,0],"8":[20,5],"9":[20,10],"10":[20,5],"11":[20,5]},"meta":{"lastBranch":12,"lastFunction":10,"lastStatement":22,"seen":{"f:40:16:40:39":0,"b:46:14:46:Infinity":0,"b:47:17:47:Infinity":1,"s:49:25:73:Infinity":0,"f:49:25:49:26":1,"b:51:6:56:Infinity:58:6:63:Infinity:65:6:70:Infinity":2,"s:50:4:72:Infinity":1,"s:52:8:56:Infinity":2,"s:59:8:63:Infinity":3,"s:66:8:70:Infinity":4,"s:75:21:85:Infinity":5,"f:75:21:75:22":2,"s:76:4:84:Infinity":6,"s:77:6:81:Infinity":7,"s:83:6:83:Infinity":8,"s:87:8:94:Infinity":9,"f:88:4:88:11":3,"s:88:11:92:Infinity":10,"f:89:16:89:17":4,"s:90:8:90:Infinity":11,"b:96:2:102:Infinity:undefined:undefined:undefined:undefined":3,"s:96:2:102:Infinity":12,"s:97:4:100:Infinity":13,"b:104:2:114:Infinity:undefined:undefined:undefined:undefined":4,"s:104:2:114:Infinity":14,"s:105:4:112:Infinity":15,"s:116:2:195:Infinity":16,"f:118:22:118:23":5,"s:119:8:193:Infinity":17,"b:126:64:126:91:126:91:126:111":5,"b:138:15:138:Infinity:139:16:154:Infinity":6,"f:143:29:143:36":6,"s:143:29:143:Infinity":18,"b:143:36:143:50:143:50:143:76":7,"b:156:15:156:Infinity:157:16:162:Infinity":8,"b:164:15:164:Infinity:165:16:168:Infinity":9,"f:165:61:165:67":7,"s:165:67:165:Infinity":19,"b:177:19:177:Infinity:178:20:181:Infinity":10,"f:178:76:178:82":8,"s:178:82:178:Infinity":20,"b:183:19:183:Infinity:184:20:187:Infinity":11,"f:184:76:184:82":9,"s:184:82:184:Infinity":21}}}
,"/home/shani/personalProjects/interviewAI/frontend/src/components/common/Button.tsx": {"path":"/home/shani/personalProjects/interviewAI/frontend/src/components/common/Button.tsx","statementMap":{"0":{"start":{"line":11,"column":6},"end":{"line":44,"column":null}},"1":{"start":{"line":13,"column":23},"end":{"line":13,"column":null}},"2":{"start":{"line":15,"column":26},"end":{"line":21,"column":null}},"3":{"start":{"line":23,"column":23},"end":{"line":28,"column":null}},"4":{"start":{"line":30,"column":4},"end":{"line":41,"column":null}},"5":{"start":{"line":46,"column":0},"end":{"line":46,"column":null}}},"fnMap":{"0":{"name":"(anonymous_0)","decl":{"start":{"line":12,"column":2},"end":{"line":12,"column":3}},"loc":{"start":{"line":12,"column":109},"end":{"line":43,"column":null}},"line":12}},"branchMap":{"0":{"loc":{"start":{"line":12,"column":5},"end":{"line":12,"column":26}},"type":"default-arg","locations":[{"start":{"line":12,"column":15},"end":{"line":12,"column":26}}],"line":12},"1":{"loc":{"start":{"line":12,"column":26},"end":{"line":12,"column":39}},"type":"default-arg","locations":[{"start":{"line":12,"column":33},"end":{"line":12,"column":39}}],"line":12},"2":{"loc":{"start":{"line":12,"column":39},"end":{"line":12,"column":58}},"type":"default-arg","locations":[{"start":{"line":12,"column":51},"end":{"line":12,"column":58}}],"line":12},"3":{"loc":{"start":{"line":33,"column":82},"end":{"line":33,"column":97}},"type":"binary-expr","locations":[{"start":{"line":33,"column":82},"end":{"line":33,"column":95}},{"start":{"line":33,"column":95},"end":{"line":33,"column":97}}],"line":33},"4":{"loc":{"start":{"line":34,"column":18},"end":{"line":34,"column":null}},"type":"binary-expr","locations":[{"start":{"line":34,"column":18},"end":{"line":34,"column":30}},{"start":{"line":34,"column":30},"end":{"line":34,"column":null}}],"line":34},"5":{"loc":{"start":{"line":37,"column":9},"end":{"line":39,"column":null}},"type":"cond-expr","locations":[{"start":{"line":38,"column":10},"end":{"line":38,"column":null}},{"start":{"line":39,"column":12},"end":{"line":39,"column":null}}],"line":37}},"s":{"0":2,"1":15,"2":15,"3":15,"4":15,"5":2},"f":{"0":15},"b":{"0":[15],"1":[15],"2":[15],"3":[15,14],"4":[15,14],"5":[2,13]},"meta":{"lastBranch":6,"lastFunction":1,"lastStatement":6,"seen":{"s:11:6:44:Infinity":0,"f:12:2:12:3":0,"b:12:15:12:26":0,"b:12:33:12:39":1,"b:12:51:12:58":2,"s:13:23:13:Infinity":1,"s:15:26:21:Infinity":2,"s:23:23:28:Infinity":3,"s:30:4:41:Infinity":4,"b:33:82:33:95:33:95:33:97":3,"b:34:18:34:30:34:30:34:Infinity":4,"b:38:10:38:Infinity:39:12:39:Infinity":5,"s:46:0:46:Infinity":5}}}
,"/home/shani/personalProjects/interviewAI/frontend/src/components/common/Card.tsx": {"path":"/home/shani/personalProjects/interviewAI/frontend/src/components/common/Card.tsx","statementMap":{"0":{"start":{"line":9,"column":13},"end":{"line":32,"column":null}},"1":{"start":{"line":11,"column":26},"end":{"line":14,"column":null}},"2":{"start":{"line":16,"column":26},"end":{"line":20,"column":null}},"3":{"start":{"line":22,"column":4},"end":{"line":29,"column":null}},"4":{"start":{"line":34,"column":0},"end":{"line":34,"column":null}}},"fnMap":{"0":{"name":"(anonymous_0)","decl":{"start":{"line":10,"column":2},"end":{"line":10,"column":3}},"loc":{"start":{"line":10,"column":83},"end":{"line":31,"column":null}},"line":10}},"branchMap":{"0":{"loc":{"start":{"line":10,"column":15},"end":{"line":10,"column":36}},"type":"default-arg","locations":[{"start":{"line":10,"column":25},"end":{"line":10,"column":36}}],"line":10},"1":{"loc":{"start":{"line":10,"column":36},"end":{"line":10,"column":52}},"type":"default-arg","locations":[{"start":{"line":10,"column":46},"end":{"line":10,"column":52}}],"line":10},"2":{"loc":{"start":{"line":25,"column":113},"end":{"line":25,"column":128}},"type":"binary-expr","locations":[{"start":{"line":25,"column":113},"end":{"line":25,"column":126}},{"start":{"line":25,"column":126},"end":{"line":25,"column":128}}],"line":25}},"s":{"0":2,"1":43,"2":43,"3":43,"4":2},"f":{"0":43},"b":{"0":[43],"1":[43],"2":[43,42]},"meta":{"lastBranch":3,"lastFunction":1,"lastStatement":5,"seen":{"s:9:13:32:Infinity":0,"f:10:2:10:3":0,"b:10:25:10:36":0,"b:10:46:10:52":1,"s:11:26:14:Infinity":1,"s:16:26:20:Infinity":2,"s:22:4:29:Infinity":3,"b:25:113:25:126:25:126:25:128":2,"s:34:0:34:Infinity":4}}}
,"/home/shani/personalProjects/interviewAI/frontend/src/components/common/Header.tsx": {"path":"/home/shani/personalProjects/interviewAI/frontend/src/components/common/Header.tsx","statementMap":{"0":{"start":{"line":12,"column":32},"end":{"line":55,"column":null}},"1":{"start":{"line":13,"column":22},"end":{"line":21,"column":null}},"2":{"start":{"line":14,"column":4},"end":{"line":20,"column":null}},"3":{"start":{"line":17,"column":19},"end":{"line":17,"column":26}},"4":{"start":{"line":23,"column":2},"end":{"line":53,"column":null}}},"fnMap":{"0":{"name":"(anonymous_0)","decl":{"start":{"line":12,"column":32},"end":{"line":12,"column":33}},"loc":{"start":{"line":12,"column":56},"end":{"line":55,"column":null}},"line":12},"1":{"name":"(anonymous_1)","decl":{"start":{"line":13,"column":22},"end":{"line":13,"column":23}},"loc":{"start":{"line":13,"column":41},"end":{"line":21,"column":null}},"line":13},"2":{"name":"(anonymous_2)","decl":{"start":{"line":17,"column":11},"end":{"line":17,"column":19}},"loc":{"start":{"line":17,"column":19},"end":{"line":17,"column":26}},"line":17}},"branchMap":{"0":{"loc":{"start":{"line":40,"column":19},"end":{"line":40,"column":null}},"type":"cond-expr","locations":[{"start":{"line":40,"column":33},"end":{"line":40,"column":59}},{"start":{"line":40,"column":59},"end":{"line":40,"column":null}}],"line":40}},"s":{"0":2,"1":18,"2":10,"3":10,"4":18},"f":{"0":18,"1":10,"2":10},"b":{"0":[10,8]},"meta":{"lastBranch":1,"lastFunction":3,"lastStatement":5,"seen":{"s:12:32:55:Infinity":0,"f:12:32:12:33":0,"s:13:22:21:Infinity":1,"f:13:22:13:23":1,"s:14:4:20:Infinity":2,"f:17:11:17:19":2,"s:17:19:17:26":3,"s:23:2:53:Infinity":4,"b:40:33:40:59:40:59:40:Infinity":0}}}
,"/home/shani/personalProjects/interviewAI/frontend/src/components/common/Input.tsx": {"path":"/home/shani/personalProjects/interviewAI/frontend/src/components/common/Input.tsx","statementMap":{"0":{"start":{"line":10,"column":6},"end":{"line":32,"column":null}},"1":{"start":{"line":12,"column":4},"end":{"line":29,"column":null}},"2":{"start":{"line":34,"column":0},"end":{"line":34,"column":null}}},"fnMap":{"0":{"name":"(anonymous_0)","decl":{"start":{"line":11,"column":2},"end":{"line":11,"column":3}},"loc":{"start":{"line":11,"column":62},"end":{"line":31,"column":null}},"line":11}},"branchMap":{"0":{"loc":{"start":{"line":14,"column":9},"end":{"line":18,"column":null}},"type":"binary-expr","locations":[{"start":{"line":14,"column":9},"end":{"line":14,"column":null}},{"start":{"line":15,"column":10},"end":{"line":18,"column":null}}],"line":14},"1":{"loc":{"start":{"line":17,"column":13},"end":{"line":17,"column":null}},"type":"binary-expr","locations":[{"start":{"line":17,"column":13},"end":{"line":17,"column":31}},{"start":{"line":17,"column":31},"end":{"line":17,"column":null}}],"line":17},"2":{"loc":{"start":{"line":23,"column":12},"end":{"line":23,"column":null}},"type":"cond-expr","locations":[{"start":{"line":23,"column":20},"end":{"line":23,"column":43}},{"start":{"line":23,"column":43},"end":{"line":23,"column":null}}],"line":23},"3":{"loc":{"start":{"line":24,"column":14},"end":{"line":24,"column":29}},"type":"binary-expr","locations":[{"start":{"line":24,"column":14},"end":{"line":24,"column":27}},{"start":{"line":24,"column":27},"end":{"line":24,"column":29}}],"line":24},"4":{"loc":{"start":{"line":27,"column":9},"end":{"line":27,"column":null}},"type":"binary-expr","locations":[{"start":{"line":27,"column":9},"end":{"line":27,"column":18}},{"start":{"line":27,"column":18},"end":{"line":27,"column":null}}],"line":27},"5":{"loc":{"start":{"line":28,"column":9},"end":{"line":28,"column":null}},"type":"binary-expr","locations":[{"start":{"line":28,"column":9},"end":{"line":28,"column":23}},{"start":{"line":28,"column":23},"end":{"line":28,"column":33}},{"start":{"line":28,"column":33},"end":{"line":28,"column":null}}],"line":28}},"s":{"0":1,"1":14,"2":1},"f":{"0":14},"b":{"0":[14,2],"1":[2,1],"2":[3,11],"3":[14,13],"4":[14,3],"5":[14,2,1]},"meta":{"lastBranch":6,"lastFunction":1,"lastStatement":3,"seen":{"s:10:6:32:Infinity":0,"f:11:2:11:3":0,"s:12:4:29:Infinity":1,"b:14:9:14:Infinity:15:10:18:Infinity":0,"b:17:13:17:31:17:31:17:Infinity":1,"b:23:20:23:43:23:43:23:Infinity":2,"b:24:14:24:27:24:27:24:29":3,"b:27:9:27:18:27:18:27:Infinity":4,"b:28:9:28:23:28:23:28:33:28:33:28:Infinity":5,"s:34:0:34:Infinity":2}}}
,"/home/shani/personalProjects/interviewAI/frontend/src/components/common/Modal.tsx": {"path":"/home/shani/personalProjects/interviewAI/frontend/src/components/common/Modal.tsx","statementMap":{"0":{"start":{"line":13,"column":30},"end":{"line":70,"column":null}},"1":{"start":{"line":22,"column":2},"end":{"line":22,"column":null}},"2":{"start":{"line":22,"column":15},"end":{"line":22,"column":null}},"3":{"start":{"line":24,"column":21},"end":{"line":30,"column":null}},"4":{"start":{"line":32,"column":2},"end":{"line":68,"column":null}},"5":{"start":{"line":39,"column":24},"end":{"line":39,"column":null}}},"fnMap":{"0":{"name":"(anonymous_0)","decl":{"start":{"line":13,"column":30},"end":{"line":13,"column":31}},"loc":{"start":{"line":21,"column":6},"end":{"line":70,"column":null}},"line":21},"1":{"name":"(anonymous_1)","decl":{"start":{"line":39,"column":17},"end":{"line":39,"column":18}},"loc":{"start":{"line":39,"column":24},"end":{"line":39,"column":null}},"line":39}},"branchMap":{"0":{"loc":{"start":{"line":20,"column":2},"end":{"line":20,"column":null}},"type":"default-arg","locations":[{"start":{"line":20,"column":9},"end":{"line":20,"column":null}}],"line":20},"1":{"loc":{"start":{"line":22,"column":2},"end":{"line":22,"column":null}},"type":"if","locations":[{"start":{"line":22,"column":2},"end":{"line":22,"column":null}},{"start":{},"end":{}}],"line":22},"2":{"loc":{"start":{"line":44,"column":13},"end":{"line":44,"column":null}},"type":"binary-expr","locations":[{"start":{"line":44,"column":13},"end":{"line":44,"column":22}},{"start":{"line":44,"column":22},"end":{"line":44,"column":null}}],"line":44},"3":{"loc":{"start":{"line":45,"column":13},"end":{"line":45,"column":null}},"type":"binary-expr","locations":[{"start":{"line":45,"column":13},"end":{"line":45,"column":28}},{"start":{"line":45,"column":28},"end":{"line":45,"column":null}}],"line":45},"4":{"loc":{"start":{"line":62,"column":9},"end":{"line":65,"column":null}},"type":"binary-expr","locations":[{"start":{"line":62,"column":9},"end":{"line":62,"column":null}},{"start":{"line":63,"column":10},"end":{"line":65,"column":null}}],"line":62}},"s":{"0":1,"1":13,"2":1,"3":12,"4":12,"5":2},"f":{"0":13,"1":2},"b":{"0":[13],"1":[1,12],"2":[12,2],"3":[13,2],"4":[13,1]},"meta":{"lastBranch":5,"lastFunction":2,"lastStatement":6,"seen":{"s:13:30:70:Infinity":0,"f:13:30:13:31":0,"b:20:9:20:Infinity":0,"b:22:2:22:Infinity:undefined:undefined:undefined:undefined":1,"s:22:2:22:Infinity":1,"s:22:15:22:Infinity":2,"s:24:21:30:Infinity":3,"s:32:2:68:Infinity":4,"f:39:17:39:18":1,"s:39:24:39:Infinity":5,"b:44:13:44:22:44:22:44:Infinity":2,"b:45:13:45:28:45:28:45:Infinity":3,"b:62:9:62:Infinity:63:10:65:Infinity":4}}}
,"/home/shani/personalProjects/interviewAI/frontend/src/components/common/Sidebar.tsx": {"path":"/home/shani/personalProjects/interviewAI/frontend/src/components/common/Sidebar.tsx","statementMap":{"0":{"start":{"line":6,"column":20},"end":{"line":81,"column":null}},"1":{"start":{"line":7,"column":8},"end":{"line":7,"column":null}},"2":{"start":{"line":8,"column":8},"end":{"line":8,"column":null}},"3":{"start":{"line":9,"column":17},"end":{"line":9,"column":null}},"4":{"start":{"line":11,"column":19},"end":{"line":11,"column":null}},"5":{"start":{"line":11,"column":37},"end":{"line":11,"column":null}},"6":{"start":{"line":13,"column":23},"end":{"line":17,"column":null}},"7":{"start":{"line":14,"column":4},"end":{"line":14,"column":null}},"8":{"start":{"line":15,"column":4},"end":{"line":15,"column":null}},"9":{"start":{"line":16,"column":4},"end":{"line":16,"column":null}},"10":{"start":{"line":19,"column":2},"end":{"line":79,"column":null}}},"fnMap":{"0":{"name":"(anonymous_0)","decl":{"start":{"line":6,"column":20},"end":{"line":6,"column":26}},"loc":{"start":{"line":6,"column":26},"end":{"line":81,"column":null}},"line":6},"1":{"name":"(anonymous_1)","decl":{"start":{"line":11,"column":19},"end":{"line":11,"column":20}},"loc":{"start":{"line":11,"column":37},"end":{"line":11,"column":null}},"line":11},"2":{"name":"(anonymous_2)","decl":{"start":{"line":13,"column":23},"end":{"line":13,"column":29}},"loc":{"start":{"line":13,"column":29},"end":{"line":17,"column":null}},"line":13}},"branchMap":{"0":{"loc":{"start":{"line":29,"column":12},"end":{"line":31,"column":null}},"type":"cond-expr","locations":[{"start":{"line":30,"column":16},"end":{"line":30,"column":null}},{"start":{"line":31,"column":16},"end":{"line":31,"column":null}}],"line":29},"1":{"loc":{"start":{"line":40,"column":12},"end":{"line":42,"column":null}},"type":"cond-expr","locations":[{"start":{"line":41,"column":16},"end":{"line":41,"column":null}},{"start":{"line":42,"column":16},"end":{"line":42,"column":null}}],"line":40},"2":{"loc":{"start":{"line":51,"column":12},"end":{"line":53,"column":null}},"type":"cond-expr","locations":[{"start":{"line":52,"column":16},"end":{"line":52,"column":null}},{"start":{"line":53,"column":16},"end":{"line":53,"column":null}}],"line":51},"3":{"loc":{"start":{"line":62,"column":12},"end":{"line":64,"column":null}},"type":"cond-expr","locations":[{"start":{"line":63,"column":16},"end":{"line":63,"column":null}},{"start":{"line":64,"column":16},"end":{"line":64,"column":null}}],"line":62}},"s":{"0":1,"1":12,"2":12,"3":12,"4":12,"5":48,"6":12,"7":0,"8":0,"9":0,"10":12},"f":{"0":12,"1":48,"2":0},"b":{"0":[0,12],"1":[0,12],"2":[0,12],"3":[0,12]},"meta":{"lastBranch":4,"lastFunction":3,"lastStatement":11,"seen":{"s:6:20:81:Infinity":0,"f:6:20:6:26":0,"s:7:8:7:Infinity":1,"s:8:8:8:Infinity":2,"s:9:17:9:Infinity":3,"s:11:19:11:Infinity":4,"f:11:19:11:20":1,"s:11:37:11:Infinity":5,"s:13:23:17:Infinity":6,"f:13:23:13:29":2,"s:14:4:14:Infinity":7,"s:15:4:15:Infinity":8,"s:16:4:16:Infinity":9,"s:19:2:79:Infinity":10,"b:30:16:30:Infinity:31:16:31:Infinity":0,"b:41:16:41:Infinity:42:16:42:Infinity":1,"b:52:16:52:Infinity:53:16:53:Infinity":2,"b:63:16:63:Infinity:64:16:64:Infinity":3}}}
,"/home/shani/personalProjects/interviewAI/frontend/src/components/common/Spinner.tsx": {"path":"/home/shani/personalProjects/interviewAI/frontend/src/components/common/Spinner.tsx","statementMap":{"0":{"start":{"line":9,"column":34},"end":{"line":30,"column":null}},"1":{"start":{"line":10,"column":21},"end":{"line":14,"column":null}},"2":{"start":{"line":16,"column":22},"end":{"line":20,"column":null}},"3":{"start":{"line":22,"column":2},"end":{"line":28,"column":null}}},"fnMap":{"0":{"name":"(anonymous_0)","decl":{"start":{"line":9,"column":34},"end":{"line":9,"column":35}},"loc":{"start":{"line":9,"column":78},"end":{"line":30,"column":null}},"line":9}},"branchMap":{"0":{"loc":{"start":{"line":9,"column":37},"end":{"line":9,"column":50}},"type":"default-arg","locations":[{"start":{"line":9,"column":44},"end":{"line":9,"column":50}}],"line":9},"1":{"loc":{"start":{"line":9,"column":50},"end":{"line":9,"column":66}},"type":"default-arg","locations":[{"start":{"line":9,"column":58},"end":{"line":9,"column":66}}],"line":9},"2":{"loc":{"start":{"line":27,"column":7},"end":{"line":27,"column":null}},"type":"binary-expr","locations":[{"start":{"line":27,"column":7},"end":{"line":27,"column":16}},{"start":{"line":27,"column":16},"end":{"line":27,"column":null}}],"line":27}},"s":{"0":2,"1":24,"2":24,"3":24},"f":{"0":24},"b":{"0":[24],"1":[24],"2":[24,2]},"meta":{"lastBranch":3,"lastFunction":1,"lastStatement":4,"seen":{"s:9:34:30:Infinity":0,"f:9:34:9:35":0,"b:9:44:9:50":0,"b:9:58:9:66":1,"s:10:21:14:Infinity":1,"s:16:22:20:Infinity":2,"s:22:2:28:Infinity":3,"b:27:7:27:16:27:16:27:Infinity":2}}}
,"/home/shani/personalProjects/interviewAI/frontend/src/components/ui/badge.tsx": {"path":"/home/shani/personalProjects/interviewAI/frontend/src/components/ui/badge.tsx","statementMap":{"0":{"start":{"line":7,"column":6},"end":{"line":26,"column":null}},"1":{"start":{"line":35,"column":15},"end":{"line":35,"column":null}},"2":{"start":{"line":37,"column":2},"end":{"line":42,"column":null}}},"fnMap":{"0":{"name":"Badge","decl":{"start":{"line":28,"column":9},"end":{"line":28,"column":15}},"loc":{"start":{"line":34,"column":62},"end":{"line":44,"column":null}},"line":34}},"branchMap":{"0":{"loc":{"start":{"line":31,"column":2},"end":{"line":31,"column":null}},"type":"default-arg","locations":[{"start":{"line":31,"column":12},"end":{"line":31,"column":null}}],"line":31},"1":{"loc":{"start":{"line":35,"column":15},"end":{"line":35,"column":null}},"type":"cond-expr","locations":[{"start":{"line":35,"column":25},"end":{"line":35,"column":32}},{"start":{"line":35,"column":32},"end":{"line":35,"column":null}}],"line":35}},"s":{"0":1,"1":20,"2":20},"f":{"0":20},"b":{"0":[20],"1":[0,20]},"meta":{"lastBranch":2,"lastFunction":1,"lastStatement":3,"seen":{"s:7:6:26:Infinity":0,"f:28:9:28:15":0,"b:31:12:31:Infinity":0,"s:35:15:35:Infinity":1,"b:35:25:35:32:35:32:35:Infinity":1,"s:37:2:42:Infinity":2}}}
,"/home/shani/personalProjects/interviewAI/frontend/src/components/ui/button.tsx": {"path":"/home/shani/personalProjects/interviewAI/frontend/src/components/ui/button.tsx","statementMap":{"0":{"start":{"line":7,"column":6},"end":{"line":37,"column":null}},"1":{"start":{"line":49,"column":15},"end":{"line":49,"column":null}},"2":{"start":{"line":51,"column":2},"end":{"line":56,"column":null}}},"fnMap":{"0":{"name":"Button","decl":{"start":{"line":39,"column":9},"end":{"line":39,"column":16}},"loc":{"start":{"line":48,"column":5},"end":{"line":58,"column":null}},"line":48}},"branchMap":{"0":{"loc":{"start":{"line":43,"column":2},"end":{"line":43,"column":null}},"type":"default-arg","locations":[{"start":{"line":43,"column":12},"end":{"line":43,"column":null}}],"line":43},"1":{"loc":{"start":{"line":49,"column":15},"end":{"line":49,"column":null}},"type":"cond-expr","locations":[{"start":{"line":49,"column":25},"end":{"line":49,"column":32}},{"start":{"line":49,"column":32},"end":{"line":49,"column":null}}],"line":49}},"s":{"0":6,"1":125,"2":125},"f":{"0":125},"b":{"0":[125],"1":[0,125]},"meta":{"lastBranch":2,"lastFunction":1,"lastStatement":3,"seen":{"s:7:6:37:Infinity":0,"f:39:9:39:16":0,"b:43:12:43:Infinity":0,"s:49:15:49:Infinity":1,"b:49:25:49:32:49:32:49:Infinity":1,"s:51:2:56:Infinity":2}}}
,"/home/shani/personalProjects/interviewAI/frontend/src/components/ui/dialog.tsx": {"path":"/home/shani/personalProjects/interviewAI/frontend/src/components/ui/dialog.tsx","statementMap":{"0":{"start":{"line":7,"column":0},"end":{"line":7,"column":null}},"1":{"start":{"line":12,"column":2},"end":{"line":12,"column":null}},"2":{"start":{"line":18,"column":2},"end":{"line":18,"column":null}},"3":{"start":{"line":24,"column":2},"end":{"line":24,"column":null}},"4":{"start":{"line":30,"column":2},"end":{"line":30,"column":null}},"5":{"start":{"line":37,"column":2},"end":{"line":45,"column":null}},"6":{"start":{"line":57,"column":2},"end":{"line":79,"column":null}},"7":{"start":{"line":84,"column":2},"end":{"line":89,"column":null}},"8":{"start":{"line":94,"column":2},"end":{"line":102,"column":null}},"9":{"start":{"line":110,"column":2},"end":{"line":115,"column":null}},"10":{"start":{"line":123,"column":2},"end":{"line":128,"column":null}}},"fnMap":{"0":{"name":"Dialog","decl":{"start":{"line":9,"column":9},"end":{"line":9,"column":16}},"loc":{"start":{"line":11,"column":54},"end":{"line":13,"column":null}},"line":11},"1":{"name":"DialogTrigger","decl":{"start":{"line":15,"column":9},"end":{"line":15,"column":23}},"loc":{"start":{"line":17,"column":57},"end":{"line":19,"column":null}},"line":17},"2":{"name":"DialogPortal","decl":{"start":{"line":21,"column":9},"end":{"line":21,"column":22}},"loc":{"start":{"line":23,"column":56},"end":{"line":25,"column":null}},"line":23},"3":{"name":"DialogClose","decl":{"start":{"line":27,"column":9},"end":{"line":27,"column":21}},"loc":{"start":{"line":29,"column":55},"end":{"line":31,"column":null}},"line":29},"4":{"name":"DialogOverlay","decl":{"start":{"line":33,"column":9},"end":{"line":33,"column":23}},"loc":{"start":{"line":36,"column":57},"end":{"line":47,"column":null}},"line":36},"5":{"name":"DialogContent","decl":{"start":{"line":49,"column":9},"end":{"line":49,"column":23}},"loc":{"start":{"line":56,"column":3},"end":{"line":81,"column":null}},"line":56},"6":{"name":"DialogHeader","decl":{"start":{"line":83,"column":9},"end":{"line":83,"column":22}},"loc":{"start":{"line":83,"column":76},"end":{"line":91,"column":null}},"line":83},"7":{"name":"DialogFooter","decl":{"start":{"line":93,"column":9},"end":{"line":93,"column":22}},"loc":{"start":{"line":93,"column":76},"end":{"line":104,"column":null}},"line":93},"8":{"name":"DialogTitle","decl":{"start":{"line":106,"column":9},"end":{"line":106,"column":21}},"loc":{"start":{"line":109,"column":55},"end":{"line":117,"column":null}},"line":109},"9":{"name":"DialogDescription","decl":{"start":{"line":119,"column":9},"end":{"line":119,"column":27}},"loc":{"start":{"line":122,"column":61},"end":{"line":130,"column":null}},"line":122}},"branchMap":{"0":{"loc":{"start":{"line":52,"column":2},"end":{"line":52,"column":null}},"type":"default-arg","locations":[{"start":{"line":52,"column":20},"end":{"line":52,"column":null}}],"line":52},"1":{"loc":{"start":{"line":69,"column":9},"end":{"line":76,"column":null}},"type":"binary-expr","locations":[{"start":{"line":69,"column":9},"end":{"line":69,"column":null}},{"start":{"line":70,"column":10},"end":{"line":76,"column":null}}],"line":69}},"s":{"0":1,"1":5,"2":5,"3":5,"4":0,"5":0,"6":5,"7":0,"8":0,"9":0,"10":0},"f":{"0":5,"1":5,"2":5,"3":0,"4":0,"5":5,"6":0,"7":0,"8":0,"9":0},"b":{"0":[5],"1":[5,5]},"meta":{"lastBranch":2,"lastFunction":10,"lastStatement":11,"seen":{"s:7:0:7:Infinity":0,"f:9:9:9:16":0,"s:12:2:12:Infinity":1,"f:15:9:15:23":1,"s:18:2:18:Infinity":2,"f:21:9:21:22":2,"s:24:2:24:Infinity":3,"f:27:9:27:21":3,"s:30:2:30:Infinity":4,"f:33:9:33:23":4,"s:37:2:45:Infinity":5,"f:49:9:49:23":5,"b:52:20:52:Infinity":0,"s:57:2:79:Infinity":6,"b:69:9:69:Infinity:70:10:76:Infinity":1,"f:83:9:83:22":6,"s:84:2:89:Infinity":7,"f:93:9:93:22":7,"s:94:2:102:Infinity":8,"f:106:9:106:21":8,"s:110:2:115:Infinity":9,"f:119:9:119:27":9,"s:123:2:128:Infinity":10}}}
,"/home/shani/personalProjects/interviewAI/frontend/src/components/ui/dropdown-menu.tsx": {"path":"/home/shani/personalProjects/interviewAI/frontend/src/components/ui/dropdown-menu.tsx","statementMap":{"0":{"start":{"line":7,"column":0},"end":{"line":7,"column":null}},"1":{"start":{"line":12,"column":2},"end":{"line":12,"column":null}},"2":{"start":{"line":18,"column":2},"end":{"line":19,"column":null}},"3":{"start":{"line":26,"column":2},"end":{"line":30,"column":null}},"4":{"start":{"line":39,"column":2},"end":{"line":50,"column":null}},"5":{"start":{"line":57,"column":2},"end":{"line":58,"column":null}},"6":{"start":{"line":71,"column":2},"end":{"line":81,"column":null}},"7":{"start":{"line":91,"column":2},"end":{"line":107,"column":null}},"8":{"start":{"line":114,"column":2},"end":{"line":118,"column":null}},"9":{"start":{"line":127,"column":2},"end":{"line":142,"column":null}},"10":{"start":{"line":153,"column":2},"end":{"line":162,"column":null}},"11":{"start":{"line":170,"column":2},"end":{"line":175,"column":null}},"12":{"start":{"line":183,"column":2},"end":{"line":191,"column":null}},"13":{"start":{"line":198,"column":2},"end":{"line":198,"column":null}},"14":{"start":{"line":209,"column":2},"end":{"line":221,"column":null}},"15":{"start":{"line":229,"column":2},"end":{"line":237,"column":null}}},"fnMap":{"0":{"name":"DropdownMenu","decl":{"start":{"line":9,"column":9},"end":{"line":9,"column":22}},"loc":{"start":{"line":11,"column":60},"end":{"line":13,"column":null}},"line":11},"1":{"name":"DropdownMenuPortal","decl":{"start":{"line":15,"column":9},"end":{"line":15,"column":28}},"loc":{"start":{"line":17,"column":62},"end":{"line":21,"column":null}},"line":17},"2":{"name":"DropdownMenuTrigger","decl":{"start":{"line":23,"column":9},"end":{"line":23,"column":29}},"loc":{"start":{"line":25,"column":63},"end":{"line":32,"column":null}},"line":25},"3":{"name":"DropdownMenuContent","decl":{"start":{"line":34,"column":9},"end":{"line":34,"column":29}},"loc":{"start":{"line":38,"column":63},"end":{"line":52,"column":null}},"line":38},"4":{"name":"DropdownMenuGroup","decl":{"start":{"line":54,"column":9},"end":{"line":54,"column":27}},"loc":{"start":{"line":56,"column":61},"end":{"line":60,"column":null}},"line":56},"5":{"name":"DropdownMenuItem","decl":{"start":{"line":62,"column":9},"end":{"line":62,"column":26}},"loc":{"start":{"line":70,"column":3},"end":{"line":83,"column":null}},"line":70},"6":{"name":"DropdownMenuCheckboxItem","decl":{"start":{"line":85,"column":9},"end":{"line":85,"column":34}},"loc":{"start":{"line":90,"column":68},"end":{"line":109,"column":null}},"line":90},"7":{"name":"DropdownMenuRadioGroup","decl":{"start":{"line":111,"column":9},"end":{"line":111,"column":32}},"loc":{"start":{"line":113,"column":66},"end":{"line":120,"column":null}},"line":113},"8":{"name":"DropdownMenuRadioItem","decl":{"start":{"line":122,"column":9},"end":{"line":122,"column":31}},"loc":{"start":{"line":126,"column":65},"end":{"line":144,"column":null}},"line":126},"9":{"name":"DropdownMenuLabel","decl":{"start":{"line":146,"column":9},"end":{"line":146,"column":27}},"loc":{"start":{"line":152,"column":3},"end":{"line":164,"column":null}},"line":152},"10":{"name":"DropdownMenuSeparator","decl":{"start":{"line":166,"column":9},"end":{"line":166,"column":31}},"loc":{"start":{"line":169,"column":65},"end":{"line":177,"column":null}},"line":169},"11":{"name":"DropdownMenuShortcut","decl":{"start":{"line":179,"column":9},"end":{"line":179,"column":30}},"loc":{"start":{"line":182,"column":33},"end":{"line":193,"column":null}},"line":182},"12":{"name":"DropdownMenuSub","decl":{"start":{"line":195,"column":9},"end":{"line":195,"column":25}},"loc":{"start":{"line":197,"column":59},"end":{"line":199,"column":null}},"line":197},"13":{"name":"DropdownMenuSubTrigger","decl":{"start":{"line":201,"column":9},"end":{"line":201,"column":32}},"loc":{"start":{"line":208,"column":3},"end":{"line":223,"column":null}},"line":208},"14":{"name":"DropdownMenuSubContent","decl":{"start":{"line":225,"column":9},"end":{"line":225,"column":32}},"loc":{"start":{"line":228,"column":66},"end":{"line":239,"column":null}},"line":228}},"branchMap":{"0":{"loc":{"start":{"line":36,"column":2},"end":{"line":36,"column":null}},"type":"default-arg","locations":[{"start":{"line":36,"column":15},"end":{"line":36,"column":null}}],"line":36},"1":{"loc":{"start":{"line":65,"column":2},"end":{"line":65,"column":null}},"type":"default-arg","locations":[{"start":{"line":65,"column":12},"end":{"line":65,"column":null}}],"line":65}},"s":{"0":3,"1":38,"2":0,"3":38,"4":38,"5":0,"6":0,"7":0,"8":0,"9":0,"10":0,"11":0,"12":0,"13":0,"14":0,"15":0},"f":{"0":38,"1":0,"2":38,"3":38,"4":0,"5":0,"6":0,"7":0,"8":0,"9":0,"10":0,"11":0,"12":0,"13":0,"14":0},"b":{"0":[38],"1":[0]},"meta":{"lastBranch":2,"lastFunction":15,"lastStatement":16,"seen":{"s:7:0:7:Infinity":0,"f:9:9:9:22":0,"s:12:2:12:Infinity":1,"f:15:9:15:28":1,"s:18:2:19:Infinity":2,"f:23:9:23:29":2,"s:26:2:30:Infinity":3,"f:34:9:34:29":3,"b:36:15:36:Infinity":0,"s:39:2:50:Infinity":4,"f:54:9:54:27":4,"s:57:2:58:Infinity":5,"f:62:9:62:26":5,"b:65:12:65:Infinity":1,"s:71:2:81:Infinity":6,"f:85:9:85:34":6,"s:91:2:107:Infinity":7,"f:111:9:111:32":7,"s:114:2:118:Infinity":8,"f:122:9:122:31":8,"s:127:2:142:Infinity":9,"f:146:9:146:27":9,"s:153:2:162:Infinity":10,"f:166:9:166:31":10,"s:170:2:175:Infinity":11,"f:179:9:179:30":11,"s:183:2:191:Infinity":12,"f:195:9:195:25":12,"s:198:2:198:Infinity":13,"f:201:9:201:32":13,"s:209:2:221:Infinity":14,"f:225:9:225:32":14,"s:229:2:237:Infinity":15}}}
,"/home/shani/personalProjects/interviewAI/frontend/src/components/ui/input.tsx": {"path":"/home/shani/personalProjects/interviewAI/frontend/src/components/ui/input.tsx","statementMap":{"0":{"start":{"line":6,"column":2},"end":{"line":17,"column":null}}},"fnMap":{"0":{"name":"Input","decl":{"start":{"line":5,"column":9},"end":{"line":5,"column":15}},"loc":{"start":{"line":5,"column":77},"end":{"line":19,"column":null}},"line":5}},"branchMap":{},"s":{"0":47},"f":{"0":47},"b":{},"meta":{"lastBranch":0,"lastFunction":1,"lastStatement":1,"seen":{"f:5:9:5:15":0,"s:6:2:17:Infinity":0}}}
,"/home/shani/personalProjects/interviewAI/frontend/src/components/ui/label.tsx": {"path":"/home/shani/personalProjects/interviewAI/frontend/src/components/ui/label.tsx","statementMap":{"0":{"start":{"line":6,"column":0},"end":{"line":6,"column":null}},"1":{"start":{"line":12,"column":2},"end":{"line":20,"column":null}}},"fnMap":{"0":{"name":"Label","decl":{"start":{"line":8,"column":9},"end":{"line":8,"column":15}},"loc":{"start":{"line":11,"column":53},"end":{"line":22,"column":null}},"line":11}},"branchMap":{},"s":{"0":3,"1":42},"f":{"0":42},"b":{},"meta":{"lastBranch":0,"lastFunction":1,"lastStatement":2,"seen":{"s:6:0:6:Infinity":0,"f:8:9:8:15":0,"s:12:2:20:Infinity":1}}}
,"/home/shani/personalProjects/interviewAI/frontend/src/components/ui/select.tsx": {"path":"/home/shani/personalProjects/interviewAI/frontend/src/components/ui/select.tsx","statementMap":{"0":{"start":{"line":7,"column":0},"end":{"line":7,"column":null}},"1":{"start":{"line":12,"column":2},"end":{"line":12,"column":null}},"2":{"start":{"line":18,"column":2},"end":{"line":18,"column":null}},"3":{"start":{"line":24,"column":2},"end":{"line":24,"column":null}},"4":{"start":{"line":35,"column":2},"end":{"line":49,"column":null}},"5":{"start":{"line":59,"column":2},"end":{"line":84,"column":null}},"6":{"start":{"line":92,"column":2},"end":{"line":97,"column":null}},"7":{"start":{"line":106,"column":2},"end":{"line":121,"column":null}},"8":{"start":{"line":129,"column":2},"end":{"line":134,"column":null}},"9":{"start":{"line":142,"column":2},"end":{"line":152,"column":null}},"10":{"start":{"line":160,"column":2},"end":{"line":170,"column":null}}},"fnMap":{"0":{"name":"Select","decl":{"start":{"line":9,"column":9},"end":{"line":9,"column":16}},"loc":{"start":{"line":11,"column":54},"end":{"line":13,"column":null}},"line":11},"1":{"name":"SelectGroup","decl":{"start":{"line":15,"column":9},"end":{"line":15,"column":21}},"loc":{"start":{"line":17,"column":55},"end":{"line":19,"column":null}},"line":17},"2":{"name":"SelectValue","decl":{"start":{"line":21,"column":9},"end":{"line":21,"column":21}},"loc":{"start":{"line":23,"column":55},"end":{"line":25,"column":null}},"line":23},"3":{"name":"SelectTrigger","decl":{"start":{"line":27,"column":9},"end":{"line":27,"column":23}},"loc":{"start":{"line":34,"column":3},"end":{"line":51,"column":null}},"line":34},"4":{"name":"SelectContent","decl":{"start":{"line":53,"column":9},"end":{"line":53,"column":23}},"loc":{"start":{"line":58,"column":57},"end":{"line":86,"column":null}},"line":58},"5":{"name":"SelectLabel","decl":{"start":{"line":88,"column":9},"end":{"line":88,"column":21}},"loc":{"start":{"line":91,"column":55},"end":{"line":99,"column":null}},"line":91},"6":{"name":"SelectItem","decl":{"start":{"line":101,"column":9},"end":{"line":101,"column":20}},"loc":{"start":{"line":105,"column":54},"end":{"line":123,"column":null}},"line":105},"7":{"name":"SelectSeparator","decl":{"start":{"line":125,"column":9},"end":{"line":125,"column":25}},"loc":{"start":{"line":128,"column":59},"end":{"line":136,"column":null}},"line":128},"8":{"name":"SelectScrollUpButton","decl":{"start":{"line":138,"column":9},"end":{"line":138,"column":30}},"loc":{"start":{"line":141,"column":64},"end":{"line":154,"column":null}},"line":141},"9":{"name":"SelectScrollDownButton","decl":{"start":{"line":156,"column":9},"end":{"line":156,"column":32}},"loc":{"start":{"line":159,"column":66},"end":{"line":172,"column":null}},"line":159}},"branchMap":{"0":{"loc":{"start":{"line":29,"column":2},"end":{"line":29,"column":null}},"type":"default-arg","locations":[{"start":{"line":29,"column":9},"end":{"line":29,"column":null}}],"line":29},"1":{"loc":{"start":{"line":56,"column":2},"end":{"line":56,"column":null}},"type":"default-arg","locations":[{"start":{"line":56,"column":13},"end":{"line":56,"column":null}}],"line":56},"2":{"loc":{"start":{"line":65,"column":10},"end":{"line":66,"column":null}},"type":"binary-expr","locations":[{"start":{"line":65,"column":10},"end":{"line":65,"column":null}},{"start":{"line":66,"column":12},"end":{"line":66,"column":null}}],"line":65},"3":{"loc":{"start":{"line":76,"column":12},"end":{"line":77,"column":null}},"type":"binary-expr","locations":[{"start":{"line":76,"column":12},"end":{"line":76,"column":null}},{"start":{"line":77,"column":14},"end":{"line":77,"column":null}}],"line":76}},"s":{"0":2,"1":8,"2":0,"3":8,"4":8,"5":8,"6":0,"7":32,"8":0,"9":8,"10":8},"f":{"0":8,"1":0,"2":8,"3":8,"4":8,"5":0,"6":32,"7":0,"8":8,"9":8},"b":{"0":[8],"1":[8],"2":[8,8],"3":[8,8]},"meta":{"lastBranch":4,"lastFunction":10,"lastStatement":11,"seen":{"s:7:0:7:Infinity":0,"f:9:9:9:16":0,"s:12:2:12:Infinity":1,"f:15:9:15:21":1,"s:18:2:18:Infinity":2,"f:21:9:21:21":2,"s:24:2:24:Infinity":3,"f:27:9:27:23":3,"b:29:9:29:Infinity":0,"s:35:2:49:Infinity":4,"f:53:9:53:23":4,"b:56:13:56:Infinity":1,"s:59:2:84:Infinity":5,"b:65:10:65:Infinity:66:12:66:Infinity":2,"b:76:12:76:Infinity:77:14:77:Infinity":3,"f:88:9:88:21":5,"s:92:2:97:Infinity":6,"f:101:9:101:20":6,"s:106:2:121:Infinity":7,"f:125:9:125:25":7,"s:129:2:134:Infinity":8,"f:138:9:138:30":8,"s:142:2:152:Infinity":9,"f:156:9:156:32":9,"s:160:2:170:Infinity":10}}}
,"/home/shani/personalProjects/interviewAI/frontend/src/layouts/AppLayout.tsx": {"path":"/home/shani/personalProjects/interviewAI/frontend/src/layouts/AppLayout.tsx","statementMap":{"0":{"start":{"line":4,"column":2},"end":{"line":7,"column":null}}},"fnMap":{"0":{"name":"AppLayout","decl":{"start":{"line":3,"column":24},"end":{"line":3,"column":36}},"loc":{"start":{"line":3,"column":36},"end":{"line":9,"column":null}},"line":3}},"branchMap":{},"s":{"0":3},"f":{"0":3},"b":{},"meta":{"lastBranch":0,"lastFunction":1,"lastStatement":1,"seen":{"f:3:24:3:36":0,"s:4:2:7:Infinity":0}}}
,"/home/shani/personalProjects/interviewAI/frontend/src/layouts/DashboardLayout.tsx": {"path":"/home/shani/personalProjects/interviewAI/frontend/src/layouts/DashboardLayout.tsx","statementMap":{"0":{"start":{"line":6,"column":28},"end":{"line":17,"column":null}},"1":{"start":{"line":7,"column":23},"end":{"line":7,"column":null}},"2":{"start":{"line":9,"column":2},"end":{"line":15,"column":null}}},"fnMap":{"0":{"name":"(anonymous_0)","decl":{"start":{"line":6,"column":28},"end":{"line":6,"column":34}},"loc":{"start":{"line":6,"column":34},"end":{"line":17,"column":null}},"line":6}},"branchMap":{},"s":{"0":1,"1":7,"2":7},"f":{"0":7},"b":{},"meta":{"lastBranch":0,"lastFunction":1,"lastStatement":3,"seen":{"s:6:28:17:Infinity":0,"f:6:28:6:34":0,"s:7:23:7:Infinity":1,"s:9:2:15:Infinity":2}}}
,"/home/shani/personalProjects/interviewAI/frontend/src/layouts/InterviewLayout.tsx": {"path":"/home/shani/personalProjects/interviewAI/frontend/src/layouts/InterviewLayout.tsx","statementMap":{"0":{"start":{"line":4,"column":22},"end":{"line":4,"column":null}},"1":{"start":{"line":6,"column":2},"end":{"line":26,"column":null}}},"fnMap":{"0":{"name":"InterviewLayout","decl":{"start":{"line":3,"column":24},"end":{"line":3,"column":42}},"loc":{"start":{"line":3,"column":42},"end":{"line":28,"column":null}},"line":3}},"branchMap":{},"s":{"0":11,"1":11},"f":{"0":11},"b":{},"meta":{"lastBranch":0,"lastFunction":1,"lastStatement":2,"seen":{"f:3:24:3:42":0,"s:4:22:4:Infinity":0,"s:6:2:26:Infinity":1}}}
,"/home/shani/personalProjects/interviewAI/frontend/src/lib/utils.ts": {"path":"/home/shani/personalProjects/interviewAI/frontend/src/lib/utils.ts","statementMap":{"0":{"start":{"line":5,"column":2},"end":{"line":5,"column":null}}},"fnMap":{"0":{"name":"cn","decl":{"start":{"line":4,"column":16},"end":{"line":4,"column":22}},"loc":{"start":{"line":4,"column":44},"end":{"line":6,"column":null}},"line":4}},"branchMap":{},"s":{"0":349},"f":{"0":349},"b":{},"meta":{"lastBranch":0,"lastFunction":1,"lastStatement":1,"seen":{"f:4:16:4:22":0,"s:5:2:5:Infinity":0}}}
,"/home/shani/personalProjects/interviewAI/frontend/src/pages/DashboardPage.tsx": {"path":"/home/shani/personalProjects/interviewAI/frontend/src/pages/DashboardPage.tsx","statementMap":{"0":{"start":{"line":30,"column":5},"end":{"line":76,"column":null}},"1":{"start":{"line":78,"column":18},"end":{"line":103,"column":null}},"2":{"start":{"line":106,"column":36},"end":{"line":106,"column":null}},"3":{"start":{"line":107,"column":38},"end":{"line":107,"column":null}},"4":{"start":{"line":108,"column":46},"end":{"line":108,"column":null}},"5":{"start":{"line":109,"column":50},"end":{"line":109,"column":null}},"6":{"start":{"line":111,"column":29},"end":{"line":118,"column":null}},"7":{"start":{"line":113,"column":6},"end":{"line":115,"column":null}},"8":{"start":{"line":116,"column":26},"end":{"line":116,"column":null}},"9":{"start":{"line":117,"column":4},"end":{"line":117,"column":null}},"10":{"start":{"line":120,"column":26},"end":{"line":122,"column":null}},"11":{"start":{"line":121,"column":4},"end":{"line":121,"column":null}},"12":{"start":{"line":124,"column":2},"end":{"line":234,"column":null}},"13":{"start":{"line":150,"column":41},"end":{"line":150,"column":null}},"14":{"start":{"line":151,"column":22},"end":{"line":176,"column":null}},"15":{"start":{"line":155,"column":41},"end":{"line":155,"column":null}},"16":{"start":{"line":206,"column":31},"end":{"line":206,"column":null}}},"fnMap":{"0":{"name":"DashboardPage","decl":{"start":{"line":105,"column":24},"end":{"line":105,"column":40}},"loc":{"start":{"line":105,"column":40},"end":{"line":236,"column":null}},"line":105},"1":{"name":"(anonymous_1)","decl":{"start":{"line":111,"column":51},"end":{"line":111,"column":52}},"loc":{"start":{"line":111,"column":66},"end":{"line":118,"column":3}},"line":111},"2":{"name":"(anonymous_2)","decl":{"start":{"line":120,"column":26},"end":{"line":120,"column":27}},"loc":{"start":{"line":120,"column":45},"end":{"line":122,"column":null}},"line":120},"3":{"name":"(anonymous_3)","decl":{"start":{"line":149,"column":35},"end":{"line":149,"column":36}},"loc":{"start":{"line":149,"column":42},"end":{"line":178,"column":21}},"line":149},"4":{"name":"(anonymous_4)","decl":{"start":{"line":155,"column":35},"end":{"line":155,"column":41}},"loc":{"start":{"line":155,"column":41},"end":{"line":155,"column":null}},"line":155},"5":{"name":"(anonymous_5)","decl":{"start":{"line":206,"column":24},"end":{"line":206,"column":25}},"loc":{"start":{"line":206,"column":31},"end":{"line":206,"column":null}},"line":206}},"branchMap":{"0":{"loc":{"start":{"line":113,"column":6},"end":{"line":115,"column":null}},"type":"binary-expr","locations":[{"start":{"line":113,"column":6},"end":{"line":113,"column":null}},{"start":{"line":114,"column":6},"end":{"line":114,"column":null}},{"start":{"line":115,"column":6},"end":{"line":115,"column":null}}],"line":113},"1":{"loc":{"start":{"line":116,"column":26},"end":{"line":116,"column":null}},"type":"binary-expr","locations":[{"start":{"line":116,"column":26},"end":{"line":116,"column":52}},{"start":{"line":116,"column":52},"end":{"line":116,"column":null}}],"line":116},"2":{"loc":{"start":{"line":117,"column":11},"end":{"line":117,"column":null}},"type":"binary-expr","locations":[{"start":{"line":117,"column":11},"end":{"line":117,"column":28}},{"start":{"line":117,"column":28},"end":{"line":117,"column":null}}],"line":117},"3":{"loc":{"start":{"line":155,"column":63},"end":{"line":155,"column":87}},"type":"cond-expr","locations":[{"start":{"line":155,"column":76},"end":{"line":155,"column":83}},{"start":{"line":155,"column":83},"end":{"line":155,"column":87}}],"line":155},"4":{"loc":{"start":{"line":166,"column":31},"end":{"line":167,"column":null}},"type":"binary-expr","locations":[{"start":{"line":166,"column":31},"end":{"line":166,"column":null}},{"start":{"line":167,"column":32},"end":{"line":167,"column":null}}],"line":166},"5":{"loc":{"start":{"line":170,"column":29},"end":{"line":173,"column":null}},"type":"cond-expr","locations":[{"start":{"line":171,"column":30},"end":{"line":171,"column":null}},{"start":{"line":173,"column":30},"end":{"line":173,"column":null}}],"line":170},"6":{"loc":{"start":{"line":228,"column":12},"end":{"line":230,"column":null}},"type":"cond-expr","locations":[{"start":{"line":229,"column":16},"end":{"line":229,"column":null}},{"start":{"line":230,"column":16},"end":{"line":230,"column":null}}],"line":228},"7":{"loc":{"start":{"line":228,"column":12},"end":{"line":228,"column":null}},"type":"binary-expr","locations":[{"start":{"line":228,"column":12},"end":{"line":228,"column":27}},{"start":{"line":228,"column":27},"end":{"line":228,"column":null}}],"line":228}},"s":{"0":1,"1":1,"2":5,"3":5,"4":5,"5":5,"6":5,"7":20,"8":20,"9":20,"10":5,"11":0,"12":5,"13":15,"14":15,"15":0,"16":0},"f":{"0":5,"1":20,"2":0,"3":15,"4":0,"5":0},"b":{"0":[20,0,0],"1":[20,0],"2":[20,20],"3":[0,0],"4":[15,0],"5":[0,15],"6":[0,5],"7":[5,5]},"meta":{"lastBranch":8,"lastFunction":6,"lastStatement":17,"seen":{"s:30:5:76:Infinity":0,"s:78:18:103:Infinity":1,"f:105:24:105:40":0,"s:106:36:106:Infinity":2,"s:107:38:107:Infinity":3,"s:108:46:108:Infinity":4,"s:109:50:109:Infinity":5,"s:111:29:118:Infinity":6,"f:111:51:111:52":1,"s:113:6:115:Infinity":7,"b:113:6:113:Infinity:114:6:114:Infinity:115:6:115:Infinity":0,"s:116:26:116:Infinity":8,"b:116:26:116:52:116:52:116:Infinity":1,"s:117:4:117:Infinity":9,"b:117:11:117:28:117:28:117:Infinity":2,"s:120:26:122:Infinity":10,"f:120:26:120:27":2,"s:121:4:121:Infinity":11,"s:124:2:234:Infinity":12,"f:149:35:149:36":3,"s:150:41:150:Infinity":13,"s:151:22:176:Infinity":14,"f:155:35:155:41":4,"s:155:41:155:Infinity":15,"b:155:76:155:83:155:83:155:87":3,"b:166:31:166:Infinity:167:32:167:Infinity":4,"b:171:30:171:Infinity:173:30:173:Infinity":5,"f:206:24:206:25":5,"s:206:31:206:Infinity":16,"b:229:16:229:Infinity:230:16:230:Infinity":6,"b:228:12:228:27:228:27:228:Infinity":7}}}
,"/home/shani/personalProjects/interviewAI/frontend/src/pages/InterviewPage.tsx": {"path":"/home/shani/personalProjects/interviewAI/frontend/src/pages/InterviewPage.tsx","statementMap":{"0":{"start":{"line":25,"column":22},"end":{"line":25,"column":null}},"1":{"start":{"line":26,"column":23},"end":{"line":26,"column":null}},"2":{"start":{"line":27,"column":24},"end":{"line":27,"column":null}},"3":{"start":{"line":29,"column":30},"end":{"line":29,"column":null}},"4":{"start":{"line":30,"column":40},"end":{"line":30,"column":null}},"5":{"start":{"line":31,"column":46},"end":{"line":31,"column":null}},"6":{"start":{"line":33,"column":26},"end":{"line":38,"column":null}},"7":{"start":{"line":40,"column":38},"end":{"line":47,"column":null}},"8":{"start":{"line":48,"column":32},"end":{"line":48,"column":null}},"9":{"start":{"line":49,"column":8},"end":{"line":49,"column":null}},"10":{"start":{"line":52,"column":2},"end":{"line":54,"column":null}},"11":{"start":{"line":53,"column":4},"end":{"line":53,"column":null}},"12":{"start":{"line":57,"column":26},"end":{"line":65,"column":null}},"13":{"start":{"line":58,"column":46},"end":{"line":63,"column":null}},"14":{"start":{"line":64,"column":4},"end":{"line":64,"column":null}},"15":{"start":{"line":68,"column":31},"end":{"line":77,"column":null}},"16":{"start":{"line":69,"column":4},"end":{"line":69,"column":null}},"17":{"start":{"line":69,"column":31},"end":{"line":69,"column":null}},"18":{"start":{"line":70,"column":4},"end":{"line":70,"column":null}},"19":{"start":{"line":71,"column":4},"end":{"line":76,"column":null}},"20":{"start":{"line":79,"column":28},"end":{"line":91,"column":null}},"21":{"start":{"line":80,"column":4},"end":{"line":80,"column":null}},"22":{"start":{"line":80,"column":27},"end":{"line":80,"column":null}},"23":{"start":{"line":82,"column":36},"end":{"line":87,"column":null}},"24":{"start":{"line":89,"column":4},"end":{"line":89,"column":null}},"25":{"start":{"line":90,"column":4},"end":{"line":90,"column":null}},"26":{"start":{"line":93,"column":24},"end":{"line":111,"column":null}},"27":{"start":{"line":94,"column":4},"end":{"line":94,"column":null}},"28":{"start":{"line":94,"column":36},"end":{"line":94,"column":null}},"29":{"start":{"line":96,"column":4},"end":{"line":96,"column":null}},"30":{"start":{"line":97,"column":4},"end":{"line":110,"column":null}},"31":{"start":{"line":98,"column":6},"end":{"line":98,"column":null}},"32":{"start":{"line":98,"column":37},"end":{"line":98,"column":62}},"33":{"start":{"line":99,"column":6},"end":{"line":103,"column":null}},"34":{"start":{"line":99,"column":27},"end":{"line":103,"column":8}},"35":{"start":{"line":105,"column":6},"end":{"line":109,"column":null}},"36":{"start":{"line":105,"column":27},"end":{"line":109,"column":8}},"37":{"start":{"line":113,"column":27},"end":{"line":117,"column":null}},"38":{"start":{"line":114,"column":4},"end":{"line":116,"column":null}},"39":{"start":{"line":115,"column":6},"end":{"line":115,"column":null}},"40":{"start":{"line":120,"column":2},"end":{"line":165,"column":null}},"41":{"start":{"line":121,"column":4},"end":{"line":163,"column":null}},"42":{"start":{"line":133,"column":33},"end":{"line":133,"column":null}},"43":{"start":{"line":141,"column":78},"end":{"line":141,"column":null}},"44":{"start":{"line":168,"column":2},"end":{"line":238,"column":null}},"45":{"start":{"line":169,"column":4},"end":{"line":236,"column":null}},"46":{"start":{"line":203,"column":16},"end":{"line":216,"column":null}},"47":{"start":{"line":225,"column":33},"end":{"line":225,"column":null}},"48":{"start":{"line":226,"column":34},"end":{"line":226,"column":null}},"49":{"start":{"line":241,"column":2},"end":{"line":326,"column":null}},"50":{"start":{"line":293,"column":14},"end":{"line":306,"column":null}},"51":{"start":{"line":315,"column":31},"end":{"line":315,"column":null}},"52":{"start":{"line":316,"column":32},"end":{"line":316,"column":null}}},"fnMap":{"0":{"name":"InterviewPage","decl":{"start":{"line":24,"column":24},"end":{"line":24,"column":40}},"loc":{"start":{"line":24,"column":40},"end":{"line":328,"column":null}},"line":24},"1":{"name":"(anonymous_1)","decl":{"start":{"line":52,"column":12},"end":{"line":52,"column":18}},"loc":{"start":{"line":52,"column":18},"end":{"line":54,"column":5}},"line":52},"2":{"name":"(anonymous_2)","decl":{"start":{"line":57,"column":26},"end":{"line":57,"column":27}},"loc":{"start":{"line":57,"column":97},"end":{"line":65,"column":null}},"line":57},"3":{"name":"(anonymous_3)","decl":{"start":{"line":68,"column":31},"end":{"line":68,"column":37}},"loc":{"start":{"line":68,"column":37},"end":{"line":77,"column":null}},"line":68},"4":{"name":"(anonymous_4)","decl":{"start":{"line":79,"column":28},"end":{"line":79,"column":34}},"loc":{"start":{"line":79,"column":34},"end":{"line":91,"column":null}},"line":79},"5":{"name":"(anonymous_5)","decl":{"start":{"line":93,"column":24},"end":{"line":93,"column":36}},"loc":{"start":{"line":93,"column":36},"end":{"line":111,"column":null}},"line":93},"6":{"name":"(anonymous_6)","decl":{"start":{"line":98,"column":24},"end":{"line":98,"column":25}},"loc":{"start":{"line":98,"column":37},"end":{"line":98,"column":62}},"line":98},"7":{"name":"(anonymous_7)","decl":{"start":{"line":99,"column":16},"end":{"line":99,"column":17}},"loc":{"start":{"line":99,"column":27},"end":{"line":103,"column":8}},"line":99},"8":{"name":"(anonymous_8)","decl":{"start":{"line":105,"column":16},"end":{"line":105,"column":17}},"loc":{"start":{"line":105,"column":27},"end":{"line":109,"column":8}},"line":105},"9":{"name":"(anonymous_9)","decl":{"start":{"line":113,"column":27},"end":{"line":113,"column":28}},"loc":{"start":{"line":113,"column":48},"end":{"line":117,"column":null}},"line":113},"10":{"name":"(anonymous_10)","decl":{"start":{"line":133,"column":26},"end":{"line":133,"column":27}},"loc":{"start":{"line":133,"column":33},"end":{"line":133,"column":null}},"line":133},"11":{"name":"(anonymous_11)","decl":{"start":{"line":141,"column":62},"end":{"line":141,"column":63}},"loc":{"start":{"line":141,"column":78},"end":{"line":141,"column":null}},"line":141},"12":{"name":"(anonymous_12)","decl":{"start":{"line":202,"column":32},"end":{"line":202,"column":33}},"loc":{"start":{"line":203,"column":16},"end":{"line":216,"column":null}},"line":203},"13":{"name":"(anonymous_13)","decl":{"start":{"line":225,"column":26},"end":{"line":225,"column":27}},"loc":{"start":{"line":225,"column":33},"end":{"line":225,"column":null}},"line":225},"14":{"name":"(anonymous_14)","decl":{"start":{"line":226,"column":27},"end":{"line":226,"column":28}},"loc":{"start":{"line":226,"column":34},"end":{"line":226,"column":null}},"line":226},"15":{"name":"(anonymous_15)","decl":{"start":{"line":292,"column":30},"end":{"line":292,"column":31}},"loc":{"start":{"line":293,"column":14},"end":{"line":306,"column":null}},"line":293},"16":{"name":"(anonymous_16)","decl":{"start":{"line":315,"column":24},"end":{"line":315,"column":25}},"loc":{"start":{"line":315,"column":31},"end":{"line":315,"column":null}},"line":315},"17":{"name":"(anonymous_17)","decl":{"start":{"line":316,"column":25},"end":{"line":316,"column":26}},"loc":{"start":{"line":316,"column":32},"end":{"line":316,"column":null}},"line":316}},"branchMap":{"0":{"loc":{"start":{"line":29,"column":53},"end":{"line":29,"column":89}},"type":"cond-expr","locations":[{"start":{"line":29,"column":69},"end":{"line":29,"column":85}},{"start":{"line":29,"column":85},"end":{"line":29,"column":89}}],"line":29},"1":{"loc":{"start":{"line":64,"column":11},"end":{"line":64,"column":null}},"type":"binary-expr","locations":[{"start":{"line":64,"column":11},"end":{"line":64,"column":34}},{"start":{"line":64,"column":34},"end":{"line":64,"column":null}}],"line":64},"2":{"loc":{"start":{"line":69,"column":4},"end":{"line":69,"column":null}},"type":"if","locations":[{"start":{"line":69,"column":4},"end":{"line":69,"column":null}},{"start":{},"end":{}}],"line":69},"3":{"loc":{"start":{"line":80,"column":4},"end":{"line":80,"column":null}},"type":"if","locations":[{"start":{"line":80,"column":4},"end":{"line":80,"column":null}},{"start":{},"end":{}}],"line":80},"4":{"loc":{"start":{"line":84,"column":14},"end":{"line":84,"column":null}},"type":"cond-expr","locations":[{"start":{"line":84,"column":41},"end":{"line":84,"column":50}},{"start":{"line":84,"column":50},"end":{"line":84,"column":null}}],"line":84},"5":{"loc":{"start":{"line":94,"column":4},"end":{"line":94,"column":null}},"type":"if","locations":[{"start":{"line":94,"column":4},"end":{"line":94,"column":null}},{"start":{},"end":{}}],"line":94},"6":{"loc":{"start":{"line":114,"column":4},"end":{"line":116,"column":null}},"type":"if","locations":[{"start":{"line":114,"column":4},"end":{"line":116,"column":null}},{"start":{},"end":{}}],"line":114},"7":{"loc":{"start":{"line":120,"column":2},"end":{"line":165,"column":null}},"type":"if","locations":[{"start":{"line":120,"column":2},"end":{"line":165,"column":null}},{"start":{},"end":{}}],"line":120},"8":{"loc":{"start":{"line":168,"column":2},"end":{"line":238,"column":null}},"type":"if","locations":[{"start":{"line":168,"column":2},"end":{"line":238,"column":null}},{"start":{},"end":{}}],"line":168},"9":{"loc":{"start":{"line":205,"column":37},"end":{"line":205,"column":92}},"type":"cond-expr","locations":[{"start":{"line":205,"column":61},"end":{"line":205,"column":77}},{"start":{"line":205,"column":77},"end":{"line":205,"column":92}}],"line":205},"10":{"loc":{"start":{"line":209,"column":22},"end":{"line":211,"column":null}},"type":"cond-expr","locations":[{"start":{"line":210,"column":26},"end":{"line":210,"column":null}},{"start":{"line":211,"column":26},"end":{"line":211,"column":null}}],"line":209},"11":{"loc":{"start":{"line":226,"column":34},"end":{"line":226,"column":null}},"type":"binary-expr","locations":[{"start":{"line":226,"column":34},"end":{"line":226,"column":55}},{"start":{"line":226,"column":55},"end":{"line":226,"column":null}}],"line":226},"12":{"loc":{"start":{"line":260,"column":15},"end":{"line":260,"column":null}},"type":"cond-expr","locations":[{"start":{"line":260,"column":34},"end":{"line":260,"column":55}},{"start":{"line":260,"column":55},"end":{"line":260,"column":null}}],"line":260},"13":{"loc":{"start":{"line":275,"column":11},"end":{"line":281,"column":null}},"type":"binary-expr","locations":[{"start":{"line":275,"column":11},"end":{"line":275,"column":null}},{"start":{"line":276,"column":12},"end":{"line":281,"column":null}}],"line":275},"14":{"loc":{"start":{"line":295,"column":35},"end":{"line":295,"column":90}},"type":"cond-expr","locations":[{"start":{"line":295,"column":59},"end":{"line":295,"column":77}},{"start":{"line":295,"column":77},"end":{"line":295,"column":90}}],"line":295},"15":{"loc":{"start":{"line":299,"column":20},"end":{"line":301,"column":null}},"type":"cond-expr","locations":[{"start":{"line":300,"column":24},"end":{"line":300,"column":null}},{"start":{"line":301,"column":24},"end":{"line":301,"column":null}}],"line":299},"16":{"loc":{"start":{"line":316,"column":32},"end":{"line":316,"column":null}},"type":"binary-expr","locations":[{"start":{"line":316,"column":32},"end":{"line":316,"column":53}},{"start":{"line":316,"column":53},"end":{"line":316,"column":null}}],"line":316}},"s":{"0":3,"1":3,"2":3,"3":3,"4":3,"5":3,"6":3,"7":3,"8":3,"9":3,"10":3,"11":3,"12":3,"13":0,"14":0,"15":3,"16":0,"17":0,"18":0,"19":0,"20":3,"21":0,"22":0,"23":0,"24":0,"25":0,"26":3,"27":0,"28":0,"29":0,"30":0,"31":0,"32":0,"33":0,"34":0,"35":0,"36":0,"37":3,"38":0,"39":0,"40":3,"41":3,"42":0,"43":0,"44":0,"45":0,"46":0,"47":0,"48":0,"49":0,"50":0,"51":0,"52":0},"f":{"0":3,"1":3,"2":0,"3":0,"4":0,"5":0,"6":0,"7":0,"8":0,"9":0,"10":0,"11":0,"12":0,"13":0,"14":0,"15":0,"16":0,"17":0},"b":{"0":[0,3],"1":[0,0],"2":[0,0],"3":[0,0],"4":[0,0],"5":[0,0],"6":[0,0],"7":[3,0],"8":[0,0],"9":[0,0],"10":[0,0],"11":[0,0],"12":[0,0],"13":[3,0],"14":[0,0],"15":[0,0],"16":[0,0]},"meta":{"lastBranch":17,"lastFunction":18,"lastStatement":53,"seen":{"f:24:24:24:40":0,"s:25:22:25:Infinity":0,"s:26:23:26:Infinity":1,"s:27:24:27:Infinity":2,"s:29:30:29:Infinity":3,"b:29:69:29:85:29:85:29:89":0,"s:30:40:30:Infinity":4,"s:31:46:31:Infinity":5,"s:33:26:38:Infinity":6,"s:40:38:47:Infinity":7,"s:48:32:48:Infinity":8,"s:49:8:49:Infinity":9,"s:52:2:54:Infinity":10,"f:52:12:52:18":1,"s:53:4:53:Infinity":11,"s:57:26:65:Infinity":12,"f:57:26:57:27":2,"s:58:46:63:Infinity":13,"s:64:4:64:Infinity":14,"b:64:11:64:34:64:34:64:Infinity":1,"s:68:31:77:Infinity":15,"f:68:31:68:37":3,"b:69:4:69:Infinity:undefined:undefined:undefined:undefined":2,"s:69:4:69:Infinity":16,"s:69:31:69:Infinity":17,"s:70:4:70:Infinity":18,"s:71:4:76:Infinity":19,"s:79:28:91:Infinity":20,"f:79:28:79:34":4,"b:80:4:80:Infinity:undefined:undefined:undefined:undefined":3,"s:80:4:80:Infinity":21,"s:80:27:80:Infinity":22,"s:82:36:87:Infinity":23,"b:84:41:84:50:84:50:84:Infinity":4,"s:89:4:89:Infinity":24,"s:90:4:90:Infinity":25,"s:93:24:111:Infinity":26,"f:93:24:93:36":5,"b:94:4:94:Infinity:undefined:undefined:undefined:undefined":5,"s:94:4:94:Infinity":27,"s:94:36:94:Infinity":28,"s:96:4:96:Infinity":29,"s:97:4:110:Infinity":30,"s:98:6:98:Infinity":31,"f:98:24:98:25":6,"s:98:37:98:62":32,"s:99:6:103:Infinity":33,"f:99:16:99:17":7,"s:99:27:103:8":34,"s:105:6:109:Infinity":35,"f:105:16:105:17":8,"s:105:27:109:8":36,"s:113:27:117:Infinity":37,"f:113:27:113:28":9,"b:114:4:116:Infinity:undefined:undefined:undefined:undefined":6,"s:114:4:116:Infinity":38,"s:115:6:115:Infinity":39,"b:120:2:165:Infinity:undefined:undefined:undefined:undefined":7,"s:120:2:165:Infinity":40,"s:121:4:163:Infinity":41,"f:133:26:133:27":10,"s:133:33:133:Infinity":42,"f:141:62:141:63":11,"s:141:78:141:Infinity":43,"b:168:2:238:Infinity:undefined:undefined:undefined:undefined":8,"s:168:2:238:Infinity":44,"s:169:4:236:Infinity":45,"f:202:32:202:33":12,"s:203:16:216:Infinity":46,"b:205:61:205:77:205:77:205:92":9,"b:210:26:210:Infinity:211:26:211:Infinity":10,"f:225:26:225:27":13,"s:225:33:225:Infinity":47,"f:226:27:226:28":14,"s:226:34:226:Infinity":48,"b:226:34:226:55:226:55:226:Infinity":11,"s:241:2:326:Infinity":49,"b:260:34:260:55:260:55:260:Infinity":12,"b:275:11:275:Infinity:276:12:281:Infinity":13,"f:292:30:292:31":15,"s:293:14:306:Infinity":50,"b:295:59:295:77:295:77:295:90":14,"b:300:24:300:Infinity:301:24:301:Infinity":15,"f:315:24:315:25":16,"s:315:31:315:Infinity":51,"f:316:25:316:26":17,"s:3
[...]
column":null}},"22":{"start":{"line":113,"column":18},"end":{"line":113,"column":null}},"23":{"start":{"line":115,"column":21},"end":{"line":115,"column":null}},"24":{"start":{"line":116,"column":4},"end":{"line":116,"column":null}},"25":{"start":{"line":121,"column":21},"end":{"line":121,"column":null}},"26":{"start":{"line":122,"column":4},"end":{"line":122,"column":null}},"27":{"start":{"line":127,"column":21},"end":{"line":127,"column":null}},"28":{"start":{"line":128,"column":4},"end":{"line":128,"column":null}},"29":{"start":{"line":133,"column":21},"end":{"line":133,"column":null}},"30":{"start":{"line":134,"column":4},"end":{"line":134,"column":null}},"31":{"start":{"line":139,"column":21},"end":{"line":139,"column":null}},"32":{"start":{"line":140,"column":4},"end":{"line":140,"column":null}},"33":{"start":{"line":145,"column":21},"end":{"line":145,"column":null}},"34":{"start":{"line":146,"column":4},"end":{"line":146,"column":null}}},"fnMap":{"0":{"name":"(anonymous_0)","decl":{"start":{"line":43,"column":17},"end":{"line":43,"column":null}},"loc":{"start":{"line":47,"column":21},"end":{"line":55,"column":null}},"line":47},"1":{"name":"(anonymous_1)","decl":{"start":{"line":58,"column":20},"end":{"line":58,"column":27}},"loc":{"start":{"line":58,"column":65},"end":{"line":61,"column":null}},"line":58},"2":{"name":"(anonymous_2)","decl":{"start":{"line":64,"column":19},"end":{"line":64,"column":null}},"loc":{"start":{"line":66,"column":21},"end":{"line":69,"column":null}},"line":66},"3":{"name":"(anonymous_3)","decl":{"start":{"line":72,"column":25},"end":{"line":72,"column":null}},"loc":{"start":{"line":75,"column":21},"end":{"line":80,"column":null}},"line":75},"4":{"name":"(anonymous_4)","decl":{"start":{"line":83,"column":18},"end":{"line":83,"column":25}},"loc":{"start":{"line":83,"column":63},"end":{"line":89,"column":null}},"line":83},"5":{"name":"(anonymous_5)","decl":{"start":{"line":92,"column":19},"end":{"line":92,"column":null}},"loc":{"start":{"line":96,"column":21},"end":{"line":102,"column":null}},"line":96},"6":{"name":"(anonymous_6)","decl":{"start":{"line":105,"column":22},"end":{"line":105,"column":29}},"loc":{"start":{"line":105,"column":53},"end":{"line":108,"column":null}},"line":105},"7":{"name":"(anonymous_7)","decl":{"start":{"line":111,"column":16},"end":{"line":111,"column":23}},"loc":{"start":{"line":111,"column":45},"end":{"line":117,"column":null}},"line":111},"8":{"name":"(anonymous_8)","decl":{"start":{"line":120,"column":19},"end":{"line":120,"column":26}},"loc":{"start":{"line":120,"column":49},"end":{"line":123,"column":null}},"line":120},"9":{"name":"(anonymous_9)","decl":{"start":{"line":126,"column":19},"end":{"line":126,"column":26}},"loc":{"start":{"line":126,"column":78},"end":{"line":129,"column":null}},"line":126},"10":{"name":"(anonymous_10)","decl":{"start":{"line":132,"column":26},"end":{"line":132,"column":33}},"loc":{"start":{"line":132,"column":71},"end":{"line":135,"column":null}},"line":132},"11":{"name":"(anonymous_11)","decl":{"start":{"line":138,"column":20},"end":{"line":138,"column":27}},"loc":{"start":{"line":138,"column":71},"end":{"line":141,"column":null}},"line":138},"12":{"name":"(anonymous_12)","decl":{"start":{"line":144,"column":20},"end":{"line":144,"column":54}},"loc":{"start":{"line":144,"column":54},"end":{"line":147,"column":null}},"line":144}},"branchMap":{"0":{"loc":{"start":{"line":45,"column":4},"end":{"line":45,"column":null}},"type":"default-arg","locations":[{"start":{"line":45,"column":20},"end":{"line":45,"column":null}}],"line":45},"1":{"loc":{"start":{"line":46,"column":4},"end":{"line":46,"column":null}},"type":"default-arg","locations":[{"start":{"line":46,"column":21},"end":{"line":46,"column":null}}],"line":46},"2":{"loc":{"start":{"line":49,"column":4},"end":{"line":49,"column":null}},"type":"if","locations":[{"start":{"line":49,"column":4},"end":{"line":49,"column":null}},{"start":{},"end":{}}],"line":49},"3":{"loc":{"start":{"line":113,"column":4},"end":{"line":113,"column":null}},"type":"if","locations":[{"start":{"line":113,"column":4},"end":{"line":113,"column":null}},{"start":{},"end":{}}],"line":113}},"s":{"0":1,"1":3,"2":3,"3":1,"4":3,"5":3,"6":3,"7":3,"8":2,"9":1,"10":1,"11":1,"12":1,"13":1,"14":1,"15":1,"16":1,"17":1,"18":1,"19":1,"20":2,"21":2,"22":1,"23":2,"24":2,"25":1,"26":1,"27":0,"28":0,"29":0,"30":0,"31":0,"32":0,"33":0,"34":0},"f":{"0":3,"1":2,"2":1,"3":1,"4":1,"5":1,"6":1,"7":2,"8":1,"9":0,"10":0,"11":0,"12":0},"b":{"0":[3],"1":[3],"2":[1,2],"3":[1,1]},"meta":{"lastBranch":4,"lastFunction":13,"lastStatement":35,"seen":{"s:41:25:148:Infinity":0,"f:43:17:43:Infinity":0,"b:45:20:45:Infinity":0,"b:46:21:46:Infinity":1,"s:48:19:48:Infinity":1,"b:49:4:49:Infinity:undefined:undefined:undefined:undefined":2,"s:49:4:49:Infinity":2,"s:49:16:49:Infinity":3,"s:50:4:50:Infinity":4,"s:51:4:51:Infinity":5,"s:53:21:53:Infinity":6,"s:54:4:54:Infinity":7,"f:58:20:58:27":1,"s:59:21:59:Infinity":8,"s:60:4:60:Infinity":9,"f:64:19:64:Infinity":2,"s:67:21:67:Infinity":10,"s:68:4:68:Infinity":11,"f:72:25:72:Infinity":3,"s:76:21:78:Infinity":12,"s:79:4:79:Infinity":13,"f:83:18:83:25":4,"s:84:21:87:Infinity":14,"s:88:4:88:Infinity":15,"f:92:19:92:Infinity":5,"s:97:21:100:Infinity":16,"s:101:4:101:Infinity":17,"f:105:22:105:29":6,"s:106:21:106:Infinity":18,"s:107:4:107:Infinity":19,"f:111:16:111:23":7,"s:112:19:112:Infinity":20,"b:113:4:113:Infinity:undefined:undefined:undefined:undefined":3,"s:113:4:113:Infinity":21,"s:113:18:113:Infinity":22,"s:115:21:115:Infinity":23,"s:116:4:116:Infinity":24,"f:120:19:120:26":8,"s:121:21:121:Infinity":25,"s:122:4:122:Infinity":26,"f:126:19:126:26":9,"s:127:21:127:Infinity":27,"s:128:4:128:Infinity":28,"f:132:26:132:33":10,"s:133:21:133:Infinity":29,"s:134:4:134:Infinity":30,"f:138:20:138:27":11,"s:139:21:139:Infinity":31,"s:140:4:140:Infinity":32,"f:144:20:144:54":12,"s:145:21:145:Infinity":33,"s:146:4:146:Infinity":34}}}
,"/home/shani/personalProjects/interviewAI/frontend/src/stores/authStore.ts": {"path":"/home/shani/personalProjects/interviewAI/frontend/src/stores/authStore.ts","statementMap":{"0":{"start":{"line":34,"column":13},"end":{"line":91,"column":null}},"1":{"start":{"line":36,"column":14},"end":{"line":81,"column":null}},"2":{"start":{"line":45,"column":25},"end":{"line":45,"column":null}},"3":{"start":{"line":46,"column":27},"end":{"line":46,"column":null}},"4":{"start":{"line":47,"column":33},"end":{"line":47,"column":null}},"5":{"start":{"line":48,"column":27},"end":{"line":48,"column":null}},"6":{"start":{"line":49,"column":43},"end":{"line":49,"column":null}},"7":{"start":{"line":53,"column":8},"end":{"line":59,"column":null}},"8":{"start":{"line":63,"column":8},"end":{"line":69,"column":null}},"9":{"start":{"line":73,"column":8},"end":{"line":75,"column":null}},"10":{"start":{"line":73,"column":24},"end":{"line":75,"column":10}},"11":{"start":{"line":79,"column":8},"end":{"line":79,"column":null}},"12":{"start":{"line":84,"column":30},"end":{"line":88,"column":null}}},"fnMap":{"0":{"name":"(anonymous_0)","decl":{"start":{"line":36,"column":4},"end":{"line":36,"column":5}},"loc":{"start":{"line":36,"column":14},"end":{"line":81,"column":null}},"line":36},"1":{"name":"(anonymous_1)","decl":{"start":{"line":45,"column":15},"end":{"line":45,"column":16}},"loc":{"start":{"line":45,"column":25},"end":{"line":45,"column":null}},"line":45},"2":{"name":"(anonymous_2)","decl":{"start":{"line":46,"column":16},"end":{"line":46,"column":17}},"loc":{"start":{"line":46,"column":27},"end":{"line":46,"column":null}},"line":46},"3":{"name":"(anonymous_3)","decl":{"start":{"line":47,"column":18},"end":{"line":47,"column":19}},"loc":{"start":{"line":47,"column":33},"end":{"line":47,"column":null}},"line":47},"4":{"name":"(anonymous_4)","decl":{"start":{"line":48,"column":16},"end":{"line":48,"column":17}},"loc":{"start":{"line":48,"column":27},"end":{"line":48,"column":null}},"line":48},"5":{"name":"(anonymous_5)","decl":{"start":{"line":49,"column":24},"end":{"line":49,"column":25}},"loc":{"start":{"line":49,"column":43},"end":{"line":49,"column":null}},"line":49},"6":{"name":"(anonymous_6)","decl":{"start":{"line":52,"column":13},"end":{"line":52,"column":14}},"loc":{"start":{"line":52,"column":30},"end":{"line":60,"column":null}},"line":52},"7":{"name":"(anonymous_7)","decl":{"start":{"line":62,"column":14},"end":{"line":62,"column":20}},"loc":{"start":{"line":62,"column":20},"end":{"line":70,"column":null}},"line":62},"8":{"name":"(anonymous_8)","decl":{"start":{"line":72,"column":18},"end":{"line":72,"column":19}},"loc":{"start":{"line":72,"column":32},"end":{"line":76,"column":null}},"line":72},"9":{"name":"(anonymous_9)","decl":{"start":{"line":73,"column":12},"end":{"line":73,"column":13}},"loc":{"start":{"line":73,"column":24},"end":{"line":75,"column":10}},"line":73},"10":{"name":"(anonymous_10)","decl":{"start":{"line":78,"column":18},"end":{"line":78,"column":24}},"loc":{"start":{"line":78,"column":24},"end":{"line":80,"column":null}},"line":78},"11":{"name":"(anonymous_11)","decl":{"start":{"line":84,"column":18},"end":{"line":84,"column":19}},"loc":{"start":{"line":84,"column":30},"end":{"line":88,"column":null}},"line":84}},"branchMap":{"0":{"loc":{"start":{"line":74,"column":16},"end":{"line":74,"column":null}},"type":"cond-expr","locations":[{"start":{"line":74,"column":29},"end":{"line":74,"column":62}},{"start":{"line":74,"column":62},"end":{"line":74,"column":null}}],"line":74}},"s":{"0":5,"1":5,"2":5,"3":3,"4":3,"5":3,"6":3,"7":2,"8":2,"9":3,"10":3,"11":2,"12":52},"f":{"0":5,"1":5,"2":3,"3":3,"4":3,"5":3,"6":2,"7":2,"8":3,"9":3,"10":2,"11":52},"b":{"0":[2,1]},"meta":{"lastBranch":1,"lastFunction":12,"lastStatement":13,"seen":{"s:34:13:91:Infinity":0,"f:36:4:36:5":0,"s:36:14:81:Infinity":1,"f:45:15:45:16":1,"s:45:25:45:Infinity":2,"f:46:16:46:17":2,"s:46:27:46:Infinity":3,"f:47:18:47:19":3,"s:47:33:47:Infinity":4,"f:48:16:48:17":4,"s:48:27:48:Infinity":5,"f:49:24:49:25":5,"s:49:43:49:Infinity":6,"f:52:13:52:14":6,"s:53:8:59:Infinity":7,"f:62:14:62:20":7,"s:63:8:69:Infinity":8,"f:72:18:72:19":8,"s:73:8:75:Infinity":9,"f:73:12:73:13":9,"s:73:24:75:10":10,"b:74:29:74:62:74:62:74:Infinity":0,"f:78:18:78:24":10,"s:79:8:79:Infinity":11,"f:84:18:84:19":11,"s:84:30:88:Infinity":12}}}
,"/home/shani/personalProjects/interviewAI/frontend/src/stores/interviewStore.ts": {"path":"/home/shani/personalProjects/interviewAI/frontend/src/stores/interviewStore.ts","statementMap":{"0":{"start":{"line":71,"column":13},"end":{"line":201,"column":null}},"1":{"start":{"line":71,"column":66},"end":{"line":201,"column":2}},"2":{"start":{"line":87,"column":4},"end":{"line":91,"column":null}},"3":{"start":{"line":94,"column":4},"end":{"line":96,"column":null}},"4":{"start":{"line":94,"column":20},"end":{"line":96,"column":6}},"5":{"start":{"line":99,"column":4},"end":{"line":103,"column":null}},"6":{"start":{"line":99,"column":20},"end":{"line":103,"column":6}},"7":{"start":{"line":101,"column":8},"end":{"line":101,"column":null}},"8":{"start":{"line":106,"column":4},"end":{"line":108,"column":null}},"9":{"start":{"line":106,"column":20},"end":{"line":108,"column":6}},"10":{"start":{"line":107,"column":57},"end":{"line":107,"column":76}},"11":{"start":{"line":111,"column":4},"end":{"line":111,"column":null}},"12":{"start":{"line":114,"column":4},"end":{"line":114,"column":null}},"13":{"start":{"line":118,"column":4},"end":{"line":122,"column":null}},"14":{"start":{"line":125,"column":4},"end":{"line":125,"column":null}},"15":{"start":{"line":128,"column":4},"end":{"line":128,"column":null}},"16":{"start":{"line":132,"column":4},"end":{"line":136,"column":null}},"17":{"start":{"line":139,"column":4},"end":{"line":143,"column":null}},"18":{"start":{"line":146,"column":4},"end":{"line":153,"column":null}},"19":{"start":{"line":146,"column":20},"end":{"line":153,"column":6}},"20":{"start":{"line":156,"column":4},"end":{"line":172,"column":null}},"21":{"start":{"line":157,"column":6},"end":{"line":157,"column":null}},"22":{"start":{"line":157,"column":33},"end":{"line":157,"column":null}},"23":{"start":{"line":158,"column":6},"end":{"line":171,"column":null}},"24":{"start":{"line":175,"column":4},"end":{"line":175,"column":null}},"25":{"start":{"line":178,"column":4},"end":{"line":180,"column":null}},"26":{"start":{"line":178,"column":20},"end":{"line":180,"column":6}},"27":{"start":{"line":184,"column":4},"end":{"line":194,"column":null}},"28":{"start":{"line":197,"column":4},"end":{"line":200,"column":null}}},"fnMap":{"0":{"name":"(anonymous_0)","decl":{"start":{"line":71,"column":56},"end":{"line":71,"column":57}},"loc":{"start":{"line":71,"column":66},"end":{"line":201,"column":2}},"line":71},"1":{"name":"(anonymous_1)","decl":{"start":{"line":86,"column":17},"end":{"line":86,"column":18}},"loc":{"start":{"line":87,"column":4},"end":{"line":91,"column":null}},"line":87},"2":{"name":"(anonymous_2)","decl":{"start":{"line":93,"column":16},"end":{"line":93,"column":17}},"loc":{"start":{"line":94,"column":4},"end":{"line":96,"column":null}},"line":94},"3":{"name":"(anonymous_3)","decl":{"start":{"line":94,"column":8},"end":{"line":94,"column":9}},"loc":{"start":{"line":94,"column":20},"end":{"line":96,"column":6}},"line":94},"4":{"name":"(anonymous_4)","decl":{"start":{"line":98,"column":19},"end":{"line":98,"column":20}},"loc":{"start":{"line":99,"column":4},"end":{"line":103,"column":null}},"line":99},"5":{"name":"(anonymous_5)","decl":{"start":{"line":99,"column":8},"end":{"line":99,"column":9}},"loc":{"start":{"line":99,"column":20},"end":{"line":103,"column":6}},"line":99},"6":{"name":"(anonymous_6)","decl":{"start":{"line":100,"column":39},"end":{"line":100,"column":40}},"loc":{"start":{"line":101,"column":8},"end":{"line":101,"column":null}},"line":101},"7":{"name":"(anonymous_7)","decl":{"start":{"line":105,"column":19},"end":{"line":105,"column":20}},"loc":{"start":{"line":106,"column":4},"end":{"line":108,"column":null}},"line":106},"8":{"name":"(anonymous_8)","decl":{"start":{"line":106,"column":8},"end":{"line":106,"column":9}},"loc":{"start":{"line":106,"column":20},"end":{"line":108,"column":6}},"line":106},"9":{"name":"(anonymous_9)","decl":{"start":{"line":107,"column":42},"end":{"line":107,"column":43}},"loc":{"start":{"line":107,"column":57},"end":{"line":107,"column":76}},"line":107},"10":{"name":"(anonymous_10)","decl":{"start":{"line":110,"column":24},"end":{"line":110,"column":25}},"loc":{"start":{"line":111,"column":4},"end":{"line":111,"column":null}},"line":111},"11":{"name":"(anonymous_11)","decl":{"start":{"line":113,"column":22},"end":{"line":113,"column":23}},"loc":{"start":{"line":114,"column":4},"end":{"line":114,"column":null}},"line":114},"12":{"name":"(anonymous_12)","decl":{"start":{"line":117,"column":23},"end":{"line":117,"column":24}},"loc":{"start":{"line":118,"column":4},"end":{"line":122,"column":null}},"line":118},"13":{"name":"(anonymous_13)","decl":{"start":{"line":124,"column":21},"end":{"line":124,"column":22}},"loc":{"start":{"line":125,"column":4},"end":{"line":125,"column":null}},"line":125},"14":{"name":"(anonymous_14)","decl":{"start":{"line":127,"column":19},"end":{"line":127,"column":20}},"loc":{"start":{"line":128,"column":4},"end":{"line":128,"column":null}},"line":128},"15":{"name":"(anonymous_15)","decl":{"start":{"line":131,"column":16},"end":{"line":131,"column":17}},"loc":{"start":{"line":132,"column":4},"end":{"line":136,"column":null}},"line":132},"16":{"name":"(anonymous_16)","decl":{"start":{"line":138,"column":14},"end":{"line":138,"column":null}},"loc":{"start":{"line":139,"column":4},"end":{"line":143,"column":null}},"line":139},"17":{"name":"(anonymous_17)","decl":{"start":{"line":145,"column":14},"end":{"line":145,"column":15}},"loc":{"start":{"line":146,"column":4},"end":{"line":153,"column":null}},"line":146},"18":{"name":"(anonymous_18)","decl":{"start":{"line":146,"column":8},"end":{"line":146,"column":9}},"loc":{"start":{"line":146,"column":20},"end":{"line":153,"column":6}},"line":146},"19":{"name":"(anonymous_19)","decl":{"start":{"line":155,"column":14},"end":{"line":155,"column":15}},"loc":{"start":{"line":156,"column":4},"end":{"line":172,"column":null}},"line":156},"20":{"name":"(anonymous_20)","decl":{"start":{"line":156,"column":8},"end":{"line":156,"column":9}},"loc":{"start":{"line":156,"column":19},"end":{"line":172,"column":5}},"line":156},"21":{"name":"(anonymous_21)","decl":{"start":{"line":174,"column":20},"end":{"line":174,"column":21}},"loc":{"start":{"line":175,"column":4},"end":{"line":175,"column":null}},"line":175},"22":{"name":"(anonymous_22)","decl":{"start":{"line":177,"column":17},"end":{"line":177,"column":null}},"loc":{"start":{"line":178,"column":4},"end":{"line":180,"column":null}},"line":178},"23":{"name":"(anonymous_23)","decl":{"start":{"line":178,"column":8},"end":{"line":178,"column":9}},"loc":{"start":{"line":178,"column":20},"end":{"line":180,"column":6}},"line":178},"24":{"name":"(anonymous_24)","decl":{"start":{"line":183,"column":9},"end":{"line":183,"column":null}},"loc":{"start":{"line":184,"column":4},"end":{"line":194,"column":null}},"line":184},"25":{"name":"(anonymous_25)","decl":{"start":{"line":196,"column":15},"end":{"line":196,"column":null}},"loc":{"start":{"line":197,"column":4},"end":{"line":200,"column":null}},"line":197}},"branchMap":{"0":{"loc":{"start":{"line":101,"column":8},"end":{"line":101,"column":null}},"type":"cond-expr","locations":[{"start":{"line":101,"column":30},"end":{"line":101,"column":61}},{"start":{"line":101,"column":61},"end":{"line":101,"column":null}}],"line":101},"1":{"loc":{"start":{"line":147,"column":22},"end":{"line":152,"column":null}},"type":"cond-expr","locations":[{"start":{"line":148,"column":10},"end":{"line":151,"column":null}},{"start":{"line":152,"column":10},"end":{"line":152,"column":null}}],"line":147},"2":{"loc":{"start":{"line":157,"column":6},"end":{"line":157,"column":null}},"type":"if","locations":[{"start":{"line":157,"column":6},"end":{"line":157,"column":null}},{"start":{},"end":{}}],"line":157}},"s":{"0":2,"1":2,"2":12,"3":2,"4":2,"5":2,"6":2,"7":3,"8":2,"9":2,"10":3,"11":12,"12":1,"13":2,"14":1,"15":1,"16":1,"17":1,"18":2,"19":2,"20":2,"21":2,"22":1,"23":1,"24":1,"25":2,"26":2,"27":1,"28":1},"f":{"0":2,"1":12,"2":2,"3":2,"4":2,"5":2,"6":3,"7":2,"8":2,"9":3,"10":12,"11":1,"12":2,"13":1,"14":1,"15":1,"16":1,"17":2,"18":2,"19":2,"20":2,"21":1,"22":2,"23":2,"24":1,"25":1},"b":{"0":[2,1],"1":[1,1],"2":[1,1]},"meta":{"lastBranch":3,"lastFunction":26,"lastStatement":29,"seen":{"s:71:13:201:Infinity":0,"f:71:56:71:57":0,"s:71:66:201:2":1,"f:86:17:86:18":1,"s:87:4:91:Infinity":2,"f:93:16:93:17":2,"s:94:4:96:Infinity":3,"f:94:8:94:9":3,"s:94:20:96:6":4,"f:98:19:98:20":4,"s:99:4:103:Infinity":5,"f:99:8:99:9":5,"s:99:20:103:6":6,"f:100:39:100:40":6,"s:101:8:101:Infinity":7,"b:101:30:101:61:101:61:101:Infinity":0,"f:105:19:105:20":7,"s:106:4:108:Infinity":8,"f:106:8:106:9":8,"s:106:20:108:6":9,"f:107:42:107:43":9,"s:107:57:107:76":10,"f:110:24:110:25":10,"s:111:4:111:Infinity":11,"f:113:22:113:23":11,"s:114:4:114:Infinity":12,"f:117:23:117:24":12,"s:118:4:122:Infinity":13,"f:124:21:124:22":13,"s:125:4:125:Infinity":14,"f:127:19:127:20":14,"s:128:4:128:Infinity":15,"f:131:16:131:17":15,"s:132:4:136:Infinity":16,"f:138:14:138:Infinity":16,"s:139:4:143:Infinity":17,"f:145:14:145:15":17,"s:146:4:153:Infinity":18,"f:146:8:146:9":18,"s:146:20:153:6":19,"b:148:10:151:Infinity:152:10:152:Infinity":1,"f:155:14:155:15":19,"s:156:4:172:Infinity":20,"f:156:8:156:9":20,"b:157:6:157:Infinity:undefined:undefined:undefined:undefined":2,"s:157:6:157:Infinity":21,"s:157:33:157:Infinity":22,"s:158:6:171:Infinity":23,"f:174:20:174:21":21,"s:175:4:175:Infinity":24,"f:177:17:177:Infinity":22,"s:178:4:180:Infinity":25,"f:178:8:178:9":23,"s:178:20:180:6":26,"f:183:9:183:Infinity":24,"s:184:4:194:Infinity":27,"f:196:15:196:Infinity":25,"s:197:4:200:Infinity":28}}}
}
